---------------------------------------------------------------
[ 2018-04-04T09:07:22+08:00 ] 127.0.0.1 GET /ptcznweb/public/
[ info ] 127.0.0.1/ptcznweb/public/ [运行时间：4.298364s][吞吐率：0.23req/s] [内存消耗：3,358.28kb] [文件加载：49]
[ info ] [ LANG ] C:\wamp64\www\ptcznweb\thinkphp\lang\zh-cn.php
[ info ] [ BIND ] 'index'
[ info ] [ ROUTE ] array (
  'type' => 'module',
  'module' => 
  array (
    0 => 'index',
    1 => NULL,
    2 => NULL,
  ),
)
[ info ] [ HEADER ] array (
  'host' => '127.0.0.1',
  'connection' => 'keep-alive',
  'user-agent' => 'Mozilla/5.0 (Windows NT 10.0; WOW64) AppleWebKit/537.36 (KHTML, like Gecko) Chrome/63.0.3239.132 Safari/537.36',
  'upgrade-insecure-requests' => '1',
  'accept' => 'text/html,application/xhtml+xml,application/xml;q=0.9,image/webp,image/apng,*/*;q=0.8',
  'accept-encoding' => 'gzip, deflate, br',
  'accept-language' => 'zh-CN,zh;q=0.9,en;q=0.8',
  'cookie' => 'Hm_lvt_b393d153aeb26b46e9431fabaf0f6190=1521168836; PHPSESSID=blenkht342vpfe5028b1rlib66',
)
[ info ] [ PARAM ] array (
)
[ info ] [ RUN ] app\index\controller\Index->index[ C:\wamp64\www\ptcznweb\application\index\controller\Index.php ]
[ info ] [ DB ] INIT mysql
[ info ] [ VIEW ] C:\wamp64\www\ptcznweb\public/../application/index\view\index\index.html [ array (
  0 => 'newsindex',
) ]
[ info ] [ LOG ] INIT File
[ sql ] [ DB ] CONNECT:[ UseTime:3.063705s ] mysql:host=211.159.169.104;port=3306;dbname=ptcznweb;charset=utf8
[ sql ] [ SQL ] select id,title,cre_time from news where newsopen='1' order by id DESC limit 5 [ RunTime:0.023725s ]
---------------------------------------------------------------
[ 2018-04-04T09:07:22+08:00 ] 127.0.0.1 GET /ptcznweb/public/static/upload/banner.jpg
[ info ] 127.0.0.1/ptcznweb/public/static/upload/banner.jpg [运行时间：0.186514s][吞吐率：5.36req/s] [内存消耗：2,424.98kb] [文件加载：39]
[ info ] [ LANG ] C:\wamp64\www\ptcznweb\thinkphp\lang\zh-cn.php
[ info ] [ BIND ] 'index'
[ info ] [ ROUTE ] array (
  'type' => 'module',
  'module' => 
  array (
    0 => 'index',
    1 => 'static',
    2 => 'upload',
  ),
)
[ info ] [ HEADER ] array (
  'host' => '127.0.0.1',
  'connection' => 'keep-alive',
  'user-agent' => 'Mozilla/5.0 (Windows NT 10.0; WOW64) AppleWebKit/537.36 (KHTML, like Gecko) Chrome/63.0.3239.132 Safari/537.36',
  'accept' => 'image/webp,image/apng,image/*,*/*;q=0.8',
  'referer' => 'http://127.0.0.1/ptcznweb/public/',
  'accept-encoding' => 'gzip, deflate, br',
  'accept-language' => 'zh-CN,zh;q=0.9,en;q=0.8',
  'cookie' => 'Hm_lvt_b393d153aeb26b46e9431fabaf0f6190=1521168836; PHPSESSID=blenkht342vpfe5028b1rlib66',
)
[ info ] [ PARAM ] array (
)
[ info ] [ LOG ] INIT File
---------------------------------------------------------------
[ 2018-04-04T09:07:23+08:00 ] 127.0.0.1 GET /ptcznweb/public/static/img/favicon.ico
[ info ] 127.0.0.1/ptcznweb/public/static/img/favicon.ico [运行时间：0.038652s][吞吐率：25.87req/s] [内存消耗：2,425.00kb] [文件加载：39]
[ info ] [ LANG ] C:\wamp64\www\ptcznweb\thinkphp\lang\zh-cn.php
[ info ] [ BIND ] 'index'
[ info ] [ ROUTE ] array (
  'type' => 'module',
  'module' => 
  array (
    0 => 'index',
    1 => 'static',
    2 => 'img',
  ),
)
[ info ] [ HEADER ] array (
  'host' => '127.0.0.1',
  'connection' => 'keep-alive',
  'user-agent' => 'Mozilla/5.0 (Windows NT 10.0; WOW64) AppleWebKit/537.36 (KHTML, like Gecko) Chrome/63.0.3239.132 Safari/537.36',
  'accept' => 'image/webp,image/apng,image/*,*/*;q=0.8',
  'referer' => 'http://127.0.0.1/ptcznweb/public/',
  'accept-encoding' => 'gzip, deflate, br',
  'accept-language' => 'zh-CN,zh;q=0.9,en;q=0.8',
  'cookie' => 'Hm_lvt_b393d153aeb26b46e9431fabaf0f6190=1521168836; PHPSESSID=blenkht342vpfe5028b1rlib66',
)
[ info ] [ PARAM ] array (
)
[ info ] [ LOG ] INIT File
