---------------------------------------------------------------
[ 2018-03-21T00:05:49+08:00 ] 127.0.0.1 GET /ptcznweb/public/
[ info ] 127.0.0.1/ptcznweb/public/ [运行时间：0.047589s][吞吐率：21.01req/s] [内存消耗：2,969.96kb] [文件加载：45]
[ info ] [ LANG ] C:\wamp64\www\ptcznweb\thinkphp\lang\zh-cn.php
[ info ] [ BIND ] 'index'
[ info ] [ ROUTE ] array (
  'type' => 'module',
  'module' => 
  array (
    0 => 'index',
    1 => NULL,
    2 => NULL,
  ),
)
[ info ] [ HEADER ] array (
  'host' => '127.0.0.1',
  'connection' => 'keep-alive',
  'user-agent' => 'Mozilla/5.0 (Windows NT 10.0; WOW64) AppleWebKit/537.36 (KHTML, like Gecko) Chrome/63.0.3239.132 Safari/537.36',
  'upgrade-insecure-requests' => '1',
  'accept' => 'text/html,application/xhtml+xml,application/xml;q=0.9,image/webp,image/apng,*/*;q=0.8',
  'accept-encoding' => 'gzip, deflate, br',
  'accept-language' => 'zh-CN,zh;q=0.9,en;q=0.8',
  'cookie' => 'Hm_lvt_b393d153aeb26b46e9431fabaf0f6190=1521168836',
)
[ info ] [ PARAM ] array (
)
[ info ] [ RUN ] app\index\controller\Index->index[ C:\wamp64\www\ptcznweb\application\index\controller\Index.php ]
[ info ] [ VIEW ] C:\wamp64\www\ptcznweb\public/../application/index\view\index\index.html [ array (
) ]
[ info ] [ LOG ] INIT File
---------------------------------------------------------------
[ 2018-03-21T00:05:50+08:00 ] 127.0.0.1 GET /ptcznweb/public/static/upload/banner.jpg
[ info ] 127.0.0.1/ptcznweb/public/static/upload/banner.jpg [运行时间：0.041760s][吞吐率：23.95req/s] [内存消耗：2,424.59kb] [文件加载：39]
[ info ] [ LANG ] C:\wamp64\www\ptcznweb\thinkphp\lang\zh-cn.php
[ info ] [ BIND ] 'index'
[ info ] [ ROUTE ] array (
  'type' => 'module',
  'module' => 
  array (
    0 => 'index',
    1 => 'static',
    2 => 'upload',
  ),
)
[ info ] [ HEADER ] array (
  'host' => '127.0.0.1',
  'connection' => 'keep-alive',
  'user-agent' => 'Mozilla/5.0 (Windows NT 10.0; WOW64) AppleWebKit/537.36 (KHTML, like Gecko) Chrome/63.0.3239.132 Safari/537.36',
  'accept' => 'image/webp,image/apng,image/*,*/*;q=0.8',
  'referer' => 'http://127.0.0.1/ptcznweb/public/',
  'accept-encoding' => 'gzip, deflate, br',
  'accept-language' => 'zh-CN,zh;q=0.9,en;q=0.8',
  'cookie' => 'Hm_lvt_b393d153aeb26b46e9431fabaf0f6190=1521168836',
)
[ info ] [ PARAM ] array (
)
[ info ] [ LOG ] INIT File
---------------------------------------------------------------
[ 2018-03-21T00:05:51+08:00 ] 127.0.0.1 GET /ptcznweb/public/
[ info ] 127.0.0.1/ptcznweb/public/ [运行时间：0.043459s][吞吐率：23.01req/s] [内存消耗：2,970.88kb] [文件加载：45]
[ info ] [ LANG ] C:\wamp64\www\ptcznweb\thinkphp\lang\zh-cn.php
[ info ] [ BIND ] 'index'
[ info ] [ ROUTE ] array (
  'type' => 'module',
  'module' => 
  array (
    0 => 'index',
    1 => NULL,
    2 => NULL,
  ),
)
[ info ] [ HEADER ] array (
  'host' => '127.0.0.1',
  'connection' => 'keep-alive',
  'pragma' => 'no-cache',
  'cache-control' => 'no-cache',
  'user-agent' => 'Mozilla/5.0 (Windows NT 10.0; WOW64) AppleWebKit/537.36 (KHTML, like Gecko) Chrome/63.0.3239.132 Safari/537.36',
  'upgrade-insecure-requests' => '1',
  'accept' => 'text/html,application/xhtml+xml,application/xml;q=0.9,image/webp,image/apng,*/*;q=0.8',
  'accept-encoding' => 'gzip, deflate, br',
  'accept-language' => 'zh-CN,zh;q=0.9,en;q=0.8',
  'cookie' => 'Hm_lvt_b393d153aeb26b46e9431fabaf0f6190=1521168836',
)
[ info ] [ PARAM ] array (
)
[ info ] [ RUN ] app\index\controller\Index->index[ C:\wamp64\www\ptcznweb\application\index\controller\Index.php ]
[ info ] [ VIEW ] C:\wamp64\www\ptcznweb\public/../application/index\view\index\index.html [ array (
) ]
[ info ] [ LOG ] INIT File
---------------------------------------------------------------
[ 2018-03-21T00:05:51+08:00 ] 127.0.0.1 GET /ptcznweb/public/static/upload/banner.jpg
[ info ] 127.0.0.1/ptcznweb/public/static/upload/banner.jpg [运行时间：0.042543s][吞吐率：23.51req/s] [内存消耗：2,425.33kb] [文件加载：39]
[ info ] [ LANG ] C:\wamp64\www\ptcznweb\thinkphp\lang\zh-cn.php
[ info ] [ BIND ] 'index'
[ info ] [ ROUTE ] array (
  'type' => 'module',
  'module' => 
  array (
    0 => 'index',
    1 => 'static',
    2 => 'upload',
  ),
)
[ info ] [ HEADER ] array (
  'host' => '127.0.0.1',
  'connection' => 'keep-alive',
  'pragma' => 'no-cache',
  'cache-control' => 'no-cache',
  'user-agent' => 'Mozilla/5.0 (Windows NT 10.0; WOW64) AppleWebKit/537.36 (KHTML, like Gecko) Chrome/63.0.3239.132 Safari/537.36',
  'accept' => 'image/webp,image/apng,image/*,*/*;q=0.8',
  'referer' => 'http://127.0.0.1/ptcznweb/public/',
  'accept-encoding' => 'gzip, deflate, br',
  'accept-language' => 'zh-CN,zh;q=0.9,en;q=0.8',
  'cookie' => 'Hm_lvt_b393d153aeb26b46e9431fabaf0f6190=1521168836',
)
[ info ] [ PARAM ] array (
)
[ info ] [ LOG ] INIT File
---------------------------------------------------------------
[ 2018-03-21T00:05:52+08:00 ] 127.0.0.1 GET /ptcznweb/public/
[ info ] 127.0.0.1/ptcznweb/public/ [运行时间：0.073326s][吞吐率：13.64req/s] [内存消耗：2,970.88kb] [文件加载：45]
[ info ] [ LANG ] C:\wamp64\www\ptcznweb\thinkphp\lang\zh-cn.php
[ info ] [ BIND ] 'index'
[ info ] [ ROUTE ] array (
  'type' => 'module',
  'module' => 
  array (
    0 => 'index',
    1 => NULL,
    2 => NULL,
  ),
)
[ info ] [ HEADER ] array (
  'host' => '127.0.0.1',
  'connection' => 'keep-alive',
  'pragma' => 'no-cache',
  'cache-control' => 'no-cache',
  'user-agent' => 'Mozilla/5.0 (Windows NT 10.0; WOW64) AppleWebKit/537.36 (KHTML, like Gecko) Chrome/63.0.3239.132 Safari/537.36',
  'upgrade-insecure-requests' => '1',
  'accept' => 'text/html,application/xhtml+xml,application/xml;q=0.9,image/webp,image/apng,*/*;q=0.8',
  'accept-encoding' => 'gzip, deflate, br',
  'accept-language' => 'zh-CN,zh;q=0.9,en;q=0.8',
  'cookie' => 'Hm_lvt_b393d153aeb26b46e9431fabaf0f6190=1521168836',
)
[ info ] [ PARAM ] array (
)
[ info ] [ RUN ] app\index\controller\Index->index[ C:\wamp64\www\ptcznweb\application\index\controller\Index.php ]
[ info ] [ VIEW ] C:\wamp64\www\ptcznweb\public/../application/index\view\index\index.html [ array (
) ]
[ info ] [ LOG ] INIT File
---------------------------------------------------------------
[ 2018-03-21T00:05:52+08:00 ] 127.0.0.1 GET /ptcznweb/public/static/upload/banner.jpg
[ info ] 127.0.0.1/ptcznweb/public/static/upload/banner.jpg [运行时间：0.037636s][吞吐率：26.57req/s] [内存消耗：2,425.33kb] [文件加载：39]
[ info ] [ LANG ] C:\wamp64\www\ptcznweb\thinkphp\lang\zh-cn.php
[ info ] [ BIND ] 'index'
[ info ] [ ROUTE ] array (
  'type' => 'module',
  'module' => 
  array (
    0 => 'index',
    1 => 'static',
    2 => 'upload',
  ),
)
[ info ] [ HEADER ] array (
  'host' => '127.0.0.1',
  'connection' => 'keep-alive',
  'pragma' => 'no-cache',
  'cache-control' => 'no-cache',
  'user-agent' => 'Mozilla/5.0 (Windows NT 10.0; WOW64) AppleWebKit/537.36 (KHTML, like Gecko) Chrome/63.0.3239.132 Safari/537.36',
  'accept' => 'image/webp,image/apng,image/*,*/*;q=0.8',
  'referer' => 'http://127.0.0.1/ptcznweb/public/',
  'accept-encoding' => 'gzip, deflate, br',
  'accept-language' => 'zh-CN,zh;q=0.9,en;q=0.8',
  'cookie' => 'Hm_lvt_b393d153aeb26b46e9431fabaf0f6190=1521168836',
)
[ info ] [ PARAM ] array (
)
[ info ] [ LOG ] INIT File
---------------------------------------------------------------
[ 2018-03-21T00:05:53+08:00 ] 127.0.0.1 GET /ptcznweb/public/
[ info ] 127.0.0.1/ptcznweb/public/ [运行时间：0.049309s][吞吐率：20.28req/s] [内存消耗：2,970.88kb] [文件加载：45]
[ info ] [ LANG ] C:\wamp64\www\ptcznweb\thinkphp\lang\zh-cn.php
[ info ] [ BIND ] 'index'
[ info ] [ ROUTE ] array (
  'type' => 'module',
  'module' => 
  array (
    0 => 'index',
    1 => NULL,
    2 => NULL,
  ),
)
[ info ] [ HEADER ] array (
  'host' => '127.0.0.1',
  'connection' => 'keep-alive',
  'pragma' => 'no-cache',
  'cache-control' => 'no-cache',
  'user-agent' => 'Mozilla/5.0 (Windows NT 10.0; WOW64) AppleWebKit/537.36 (KHTML, like Gecko) Chrome/63.0.3239.132 Safari/537.36',
  'upgrade-insecure-requests' => '1',
  'accept' => 'text/html,application/xhtml+xml,application/xml;q=0.9,image/webp,image/apng,*/*;q=0.8',
  'accept-encoding' => 'gzip, deflate, br',
  'accept-language' => 'zh-CN,zh;q=0.9,en;q=0.8',
  'cookie' => 'Hm_lvt_b393d153aeb26b46e9431fabaf0f6190=1521168836',
)
[ info ] [ PARAM ] array (
)
[ info ] [ RUN ] app\index\controller\Index->index[ C:\wamp64\www\ptcznweb\application\index\controller\Index.php ]
[ info ] [ VIEW ] C:\wamp64\www\ptcznweb\public/../application/index\view\index\index.html [ array (
) ]
[ info ] [ LOG ] INIT File
---------------------------------------------------------------
[ 2018-03-21T00:05:53+08:00 ] 127.0.0.1 GET /ptcznweb/public/static/upload/banner.jpg
[ info ] 127.0.0.1/ptcznweb/public/static/upload/banner.jpg [运行时间：0.037016s][吞吐率：27.02req/s] [内存消耗：2,425.33kb] [文件加载：39]
[ info ] [ LANG ] C:\wamp64\www\ptcznweb\thinkphp\lang\zh-cn.php
[ info ] [ BIND ] 'index'
[ info ] [ ROUTE ] array (
  'type' => 'module',
  'module' => 
  array (
    0 => 'index',
    1 => 'static',
    2 => 'upload',
  ),
)
[ info ] [ HEADER ] array (
  'host' => '127.0.0.1',
  'connection' => 'keep-alive',
  'pragma' => 'no-cache',
  'cache-control' => 'no-cache',
  'user-agent' => 'Mozilla/5.0 (Windows NT 10.0; WOW64) AppleWebKit/537.36 (KHTML, like Gecko) Chrome/63.0.3239.132 Safari/537.36',
  'accept' => 'image/webp,image/apng,image/*,*/*;q=0.8',
  'referer' => 'http://127.0.0.1/ptcznweb/public/',
  'accept-encoding' => 'gzip, deflate, br',
  'accept-language' => 'zh-CN,zh;q=0.9,en;q=0.8',
  'cookie' => 'Hm_lvt_b393d153aeb26b46e9431fabaf0f6190=1521168836',
)
[ info ] [ PARAM ] array (
)
[ info ] [ LOG ] INIT File
