---------------------------------------------------------------
[ 2018-03-23T00:01:50+08:00 ] 127.0.0.1 POST /ptcznweb/public/admin.php/index/newsedit.html?id=13
[ info ] 127.0.0.1/ptcznweb/public/admin.php/index/newsedit.html?id=13 [运行时间：0.089120s][吞吐率：11.22req/s] [内存消耗：3,399.15kb] [文件加载：51]
[ info ] [ LANG ] C:\wamp64\www\ptcznweb\thinkphp\lang\zh-cn.php
[ info ] [ BIND ] 'admin'
[ info ] [ ROUTE ] array (
  'type' => 'module',
  'module' => 
  array (
    0 => 'admin',
    1 => 'index',
    2 => 'newsedit',
  ),
)
[ info ] [ HEADER ] array (
  'host' => '127.0.0.1',
  'connection' => 'keep-alive',
  'content-length' => '203297',
  'cache-control' => 'max-age=0',
  'origin' => 'http://127.0.0.1',
  'upgrade-insecure-requests' => '1',
  'content-type' => 'multipart/form-data; boundary=----WebKitFormBoundaryYpyQD9Mw8N6Pwtsn',
  'user-agent' => 'Mozilla/5.0 (Windows NT 10.0; WOW64) AppleWebKit/537.36 (KHTML, like Gecko) Chrome/63.0.3239.132 Safari/537.36',
  'accept' => 'text/html,application/xhtml+xml,application/xml;q=0.9,image/webp,image/apng,*/*;q=0.8',
  'referer' => 'http://127.0.0.1/ptcznweb/public/admin.php/index/newsedit.html?id=13',
  'accept-encoding' => 'gzip, deflate, br',
  'accept-language' => 'zh-CN,zh;q=0.9,en;q=0.8',
  'cookie' => 'Hm_lvt_b393d153aeb26b46e9431fabaf0f6190=1521168836; PHPSESSID=lm2akm6euk60ghu7sqjl9jd3a4',
)
[ info ] [ PARAM ] array (
  'id' => '13',
)
[ info ] [ RUN ] app\admin\controller\Index->newsedit[ C:\wamp64\www\ptcznweb\application\admin\controller\Index.php ]
[ info ] [ DB ] INIT mysql
[ info ] [ VIEW ] C:\wamp64\www\ptcznweb\public/../application/admin\view\index\newsedit.html [ array (
  0 => 'editid',
  1 => 'edit',
  2 => 'newstype',
  3 => 'newsopen',
  4 => 'newsimport',
) ]
[ info ] [ LOG ] INIT File
[ sql ] [ DB ] CONNECT:[ UseTime:0.021752s ] mysql:host=211.159.169.104;port=3306;dbname=ptcznweb;charset=utf8
[ sql ] [ SQL ] select title,abstract,author,content,newstype,newsopen,import from news where id='13' [ RunTime:0.016963s ]
---------------------------------------------------------------
[ 2018-03-23T00:02:47+08:00 ] 127.0.0.1 GET /ptcznweb/public/admin.php/Index/index.html
[ info ] 127.0.0.1/ptcznweb/public/admin.php/Index/index.html [运行时间：0.032540s][吞吐率：30.73req/s] [内存消耗：3,013.28kb] [文件加载：47]
[ info ] [ LANG ] C:\wamp64\www\ptcznweb\thinkphp\lang\zh-cn.php
[ info ] [ BIND ] 'admin'
[ info ] [ ROUTE ] array (
  'type' => 'module',
  'module' => 
  array (
    0 => 'admin',
    1 => 'Index',
    2 => 'index',
  ),
)
[ info ] [ HEADER ] array (
  'host' => '127.0.0.1',
  'connection' => 'keep-alive',
  'cache-control' => 'max-age=0',
  'user-agent' => 'Mozilla/5.0 (Windows NT 10.0; WOW64) AppleWebKit/537.36 (KHTML, like Gecko) Chrome/63.0.3239.132 Safari/537.36',
  'upgrade-insecure-requests' => '1',
  'accept' => 'text/html,application/xhtml+xml,application/xml;q=0.9,image/webp,image/apng,*/*;q=0.8',
  'referer' => 'http://127.0.0.1/ptcznweb/public/admin.php/login/denglu.html',
  'accept-encoding' => 'gzip, deflate, br',
  'accept-language' => 'zh-CN,zh;q=0.9,en;q=0.8',
  'cookie' => 'Hm_lvt_b393d153aeb26b46e9431fabaf0f6190=1521168836; PHPSESSID=lm2akm6euk60ghu7sqjl9jd3a4',
)
[ info ] [ PARAM ] array (
)
[ info ] [ RUN ] app\admin\controller\Index->index[ C:\wamp64\www\ptcznweb\application\admin\controller\Index.php ]
[ info ] [ VIEW ] C:\wamp64\www\ptcznweb\public/../application/admin\view\index\index.html [ array (
) ]
[ info ] [ LOG ] INIT File
---------------------------------------------------------------
[ 2018-03-23T00:02:48+08:00 ] 127.0.0.1 GET /ptcznweb/public/admin.php/Index/images/face.jpg
[ info ] 127.0.0.1/ptcznweb/public/admin.php/Index/images/face.jpg [运行时间：0.045476s][吞吐率：21.99req/s] [内存消耗：2,977.05kb] [文件加载：48]
[ info ] [ LANG ] C:\wamp64\www\ptcznweb\thinkphp\lang\zh-cn.php
[ info ] [ BIND ] 'admin'
[ info ] [ ROUTE ] array (
  'type' => 'module',
  'module' => 
  array (
    0 => 'admin',
    1 => 'Index',
    2 => 'images',
  ),
)
[ info ] [ HEADER ] array (
  'host' => '127.0.0.1',
  'connection' => 'keep-alive',
  'user-agent' => 'Mozilla/5.0 (Windows NT 10.0; WOW64) AppleWebKit/537.36 (KHTML, like Gecko) Chrome/63.0.3239.132 Safari/537.36',
  'accept' => 'image/webp,image/apng,image/*,*/*;q=0.8',
  'referer' => 'http://127.0.0.1/ptcznweb/public/admin.php/Index/index.html',
  'accept-encoding' => 'gzip, deflate, br',
  'accept-language' => 'zh-CN,zh;q=0.9,en;q=0.8',
  'cookie' => 'Hm_lvt_b393d153aeb26b46e9431fabaf0f6190=1521168836; PHPSESSID=lm2akm6euk60ghu7sqjl9jd3a4',
)
[ info ] [ PARAM ] array (
)
[ info ] [ LOG ] INIT File
---------------------------------------------------------------
[ 2018-03-23T00:02:48+08:00 ] 127.0.0.1 GET /ptcznweb/public/admin.php/Index/js/bodyTab.js
[ info ] 127.0.0.1/ptcznweb/public/admin.php/Index/js/bodyTab.js [运行时间：0.065251s][吞吐率：15.33req/s] [内存消耗：2,976.87kb] [文件加载：48]
[ info ] [ LANG ] C:\wamp64\www\ptcznweb\thinkphp\lang\zh-cn.php
[ info ] [ BIND ] 'admin'
[ info ] [ ROUTE ] array (
  'type' => 'module',
  'module' => 
  array (
    0 => 'admin',
    1 => 'Index',
    2 => 'js',
  ),
)
[ info ] [ HEADER ] array (
  'host' => '127.0.0.1',
  'connection' => 'keep-alive',
  'user-agent' => 'Mozilla/5.0 (Windows NT 10.0; WOW64) AppleWebKit/537.36 (KHTML, like Gecko) Chrome/63.0.3239.132 Safari/537.36',
  'accept' => '*/*',
  'referer' => 'http://127.0.0.1/ptcznweb/public/admin.php/Index/index.html',
  'accept-encoding' => 'gzip, deflate, br',
  'accept-language' => 'zh-CN,zh;q=0.9,en;q=0.8',
  'cookie' => 'Hm_lvt_b393d153aeb26b46e9431fabaf0f6190=1521168836; PHPSESSID=lm2akm6euk60ghu7sqjl9jd3a4',
)
[ info ] [ PARAM ] array (
)
[ info ] [ LOG ] INIT File
---------------------------------------------------------------
[ 2018-03-23T00:02:48+08:00 ] 127.0.0.1 GET /ptcznweb/public/admin.php/index/newslist.html
[ info ] 127.0.0.1/ptcznweb/public/admin.php/index/newslist.html [运行时间：0.172198s][吞吐率：5.81req/s] [内存消耗：4,495.41kb] [文件加载：56]
[ info ] [ LANG ] C:\wamp64\www\ptcznweb\thinkphp\lang\zh-cn.php
[ info ] [ BIND ] 'admin'
[ info ] [ ROUTE ] array (
  'type' => 'module',
  'module' => 
  array (
    0 => 'admin',
    1 => 'index',
    2 => 'newslist',
  ),
)
[ info ] [ HEADER ] array (
  'host' => '127.0.0.1',
  'connection' => 'keep-alive',
  'upgrade-insecure-requests' => '1',
  'user-agent' => 'Mozilla/5.0 (Windows NT 10.0; WOW64) AppleWebKit/537.36 (KHTML, like Gecko) Chrome/63.0.3239.132 Safari/537.36',
  'accept' => 'text/html,application/xhtml+xml,application/xml;q=0.9,image/webp,image/apng,*/*;q=0.8',
  'referer' => 'http://127.0.0.1/ptcznweb/public/admin.php/Index/index.html',
  'accept-encoding' => 'gzip, deflate, br',
  'accept-language' => 'zh-CN,zh;q=0.9,en;q=0.8',
  'cookie' => 'Hm_lvt_b393d153aeb26b46e9431fabaf0f6190=1521168836; PHPSESSID=lm2akm6euk60ghu7sqjl9jd3a4',
)
[ info ] [ PARAM ] array (
)
[ info ] [ RUN ] app\admin\controller\Index->newslist[ C:\wamp64\www\ptcznweb\application\admin\controller\Index.php ]
[ info ] [ DB ] INIT mysql
[ info ] [ VIEW ] C:\wamp64\www\ptcznweb\public/../application/admin\view\index\newslist.html [ array (
  0 => 'page',
  1 => 'list',
) ]
[ info ] [ LOG ] INIT File
[ sql ] [ DB ] CONNECT:[ UseTime:0.031363s ] mysql:host=211.159.169.104;port=3306;dbname=ptcznweb;charset=utf8
[ sql ] [ SQL ] SHOW COLUMNS FROM `news` [ RunTime:0.025572s ]
[ sql ] [ SQL ] SELECT COUNT(*) AS tp_count FROM `news` LIMIT 1 [ RunTime:0.015938s ]
[ sql ] [ SQL ] SELECT `id`,`title`,`abstract`,`cre_time`,`author`,`newstype`,`newsopen`,`import` FROM `news` ORDER BY `id`  desc LIMIT 0,5 [ RunTime:0.019647s ]
---------------------------------------------------------------
[ 2018-03-23T00:02:48+08:00 ] 127.0.0.1 GET /ptcznweb/public/json/newsList.json
[ info ] 127.0.0.1/ptcznweb/public/json/newsList.json [运行时间：0.025868s][吞吐率：38.66req/s] [内存消耗：2,425.38kb] [文件加载：39]
[ info ] [ LANG ] C:\wamp64\www\ptcznweb\thinkphp\lang\zh-cn.php
[ info ] [ BIND ] 'index'
[ info ] [ ROUTE ] array (
  'type' => 'module',
  'module' => 
  array (
    0 => 'index',
    1 => 'json',
    2 => 'newsList.json',
  ),
)
[ info ] [ HEADER ] array (
  'host' => '127.0.0.1',
  'connection' => 'keep-alive',
  'accept' => '*/*',
  'x-requested-with' => 'XMLHttpRequest',
  'user-agent' => 'Mozilla/5.0 (Windows NT 10.0; WOW64) AppleWebKit/537.36 (KHTML, like Gecko) Chrome/63.0.3239.132 Safari/537.36',
  'referer' => 'http://127.0.0.1/ptcznweb/public/admin.php/index/newslist.html',
  'accept-encoding' => 'gzip, deflate, br',
  'accept-language' => 'zh-CN,zh;q=0.9,en;q=0.8',
  'cookie' => 'Hm_lvt_b393d153aeb26b46e9431fabaf0f6190=1521168836; PHPSESSID=lm2akm6euk60ghu7sqjl9jd3a4',
)
[ info ] [ PARAM ] array (
)
[ info ] [ LOG ] INIT File
---------------------------------------------------------------
[ 2018-03-23T00:02:49+08:00 ] 127.0.0.1 GET /ptcznweb/public/admin.php/Index/index.html
[ info ] 127.0.0.1/ptcznweb/public/admin.php/Index/index.html [运行时间：0.031919s][吞吐率：31.33req/s] [内存消耗：3,013.69kb] [文件加载：47]
[ info ] [ LANG ] C:\wamp64\www\ptcznweb\thinkphp\lang\zh-cn.php
[ info ] [ BIND ] 'admin'
[ info ] [ ROUTE ] array (
  'type' => 'module',
  'module' => 
  array (
    0 => 'admin',
    1 => 'Index',
    2 => 'index',
  ),
)
[ info ] [ HEADER ] array (
  'host' => '127.0.0.1',
  'connection' => 'keep-alive',
  'pragma' => 'no-cache',
  'cache-control' => 'no-cache',
  'user-agent' => 'Mozilla/5.0 (Windows NT 10.0; WOW64) AppleWebKit/537.36 (KHTML, like Gecko) Chrome/63.0.3239.132 Safari/537.36',
  'upgrade-insecure-requests' => '1',
  'accept' => 'text/html,application/xhtml+xml,application/xml;q=0.9,image/webp,image/apng,*/*;q=0.8',
  'referer' => 'http://127.0.0.1/ptcznweb/public/admin.php/login/denglu.html',
  'accept-encoding' => 'gzip, deflate, br',
  'accept-language' => 'zh-CN,zh;q=0.9,en;q=0.8',
  'cookie' => 'Hm_lvt_b393d153aeb26b46e9431fabaf0f6190=1521168836; PHPSESSID=lm2akm6euk60ghu7sqjl9jd3a4',
)
[ info ] [ PARAM ] array (
)
[ info ] [ RUN ] app\admin\controller\Index->index[ C:\wamp64\www\ptcznweb\application\admin\controller\Index.php ]
[ info ] [ VIEW ] C:\wamp64\www\ptcznweb\public/../application/admin\view\index\index.html [ array (
) ]
[ info ] [ LOG ] INIT File
---------------------------------------------------------------
[ 2018-03-23T00:02:49+08:00 ] 127.0.0.1 GET /ptcznweb/public/admin.php/Index/js/bodyTab.js
[ info ] 127.0.0.1/ptcznweb/public/admin.php/Index/js/bodyTab.js [运行时间：0.048181s][吞吐率：20.76req/s] [内存消耗：2,977.27kb] [文件加载：48]
[ info ] [ LANG ] C:\wamp64\www\ptcznweb\thinkphp\lang\zh-cn.php
[ info ] [ BIND ] 'admin'
[ info ] [ ROUTE ] array (
  'type' => 'module',
  'module' => 
  array (
    0 => 'admin',
    1 => 'Index',
    2 => 'js',
  ),
)
[ info ] [ HEADER ] array (
  'host' => '127.0.0.1',
  'connection' => 'keep-alive',
  'pragma' => 'no-cache',
  'cache-control' => 'no-cache',
  'user-agent' => 'Mozilla/5.0 (Windows NT 10.0; WOW64) AppleWebKit/537.36 (KHTML, like Gecko) Chrome/63.0.3239.132 Safari/537.36',
  'accept' => '*/*',
  'referer' => 'http://127.0.0.1/ptcznweb/public/admin.php/Index/index.html',
  'accept-encoding' => 'gzip, deflate, br',
  'accept-language' => 'zh-CN,zh;q=0.9,en;q=0.8',
  'cookie' => 'Hm_lvt_b393d153aeb26b46e9431fabaf0f6190=1521168836; PHPSESSID=lm2akm6euk60ghu7sqjl9jd3a4',
)
[ info ] [ PARAM ] array (
)
[ info ] [ LOG ] INIT File
---------------------------------------------------------------
[ 2018-03-23T00:02:49+08:00 ] 127.0.0.1 GET /ptcznweb/public/admin.php/Index/images/face.jpg
[ info ] 127.0.0.1/ptcznweb/public/admin.php/Index/images/face.jpg [运行时间：0.062105s][吞吐率：16.10req/s] [内存消耗：2,977.52kb] [文件加载：48]
[ info ] [ LANG ] C:\wamp64\www\ptcznweb\thinkphp\lang\zh-cn.php
[ info ] [ BIND ] 'admin'
[ info ] [ ROUTE ] array (
  'type' => 'module',
  'module' => 
  array (
    0 => 'admin',
    1 => 'Index',
    2 => 'images',
  ),
)
[ info ] [ HEADER ] array (
  'host' => '127.0.0.1',
  'connection' => 'keep-alive',
  'pragma' => 'no-cache',
  'cache-control' => 'no-cache',
  'user-agent' => 'Mozilla/5.0 (Windows NT 10.0; WOW64) AppleWebKit/537.36 (KHTML, like Gecko) Chrome/63.0.3239.132 Safari/537.36',
  'accept' => 'image/webp,image/apng,image/*,*/*;q=0.8',
  'referer' => 'http://127.0.0.1/ptcznweb/public/admin.php/Index/index.html',
  'accept-encoding' => 'gzip, deflate, br',
  'accept-language' => 'zh-CN,zh;q=0.9,en;q=0.8',
  'cookie' => 'Hm_lvt_b393d153aeb26b46e9431fabaf0f6190=1521168836; PHPSESSID=lm2akm6euk60ghu7sqjl9jd3a4',
)
[ info ] [ PARAM ] array (
)
[ info ] [ LOG ] INIT File
---------------------------------------------------------------
[ 2018-03-23T00:02:49+08:00 ] 127.0.0.1 GET /ptcznweb/public/admin.php/index/newslist.html
[ info ] 127.0.0.1/ptcznweb/public/admin.php/index/newslist.html [运行时间：0.137991s][吞吐率：7.25req/s] [内存消耗：4,495.99kb] [文件加载：56]
[ info ] [ LANG ] C:\wamp64\www\ptcznweb\thinkphp\lang\zh-cn.php
[ info ] [ BIND ] 'admin'
[ info ] [ ROUTE ] array (
  'type' => 'module',
  'module' => 
  array (
    0 => 'admin',
    1 => 'index',
    2 => 'newslist',
  ),
)
[ info ] [ HEADER ] array (
  'host' => '127.0.0.1',
  'connection' => 'keep-alive',
  'pragma' => 'no-cache',
  'cache-control' => 'no-cache',
  'upgrade-insecure-requests' => '1',
  'user-agent' => 'Mozilla/5.0 (Windows NT 10.0; WOW64) AppleWebKit/537.36 (KHTML, like Gecko) Chrome/63.0.3239.132 Safari/537.36',
  'accept' => 'text/html,application/xhtml+xml,application/xml;q=0.9,image/webp,image/apng,*/*;q=0.8',
  'referer' => 'http://127.0.0.1/ptcznweb/public/admin.php/Index/index.html',
  'accept-encoding' => 'gzip, deflate, br',
  'accept-language' => 'zh-CN,zh;q=0.9,en;q=0.8',
  'cookie' => 'Hm_lvt_b393d153aeb26b46e9431fabaf0f6190=1521168836; PHPSESSID=lm2akm6euk60ghu7sqjl9jd3a4',
)
[ info ] [ PARAM ] array (
)
[ info ] [ RUN ] app\admin\controller\Index->newslist[ C:\wamp64\www\ptcznweb\application\admin\controller\Index.php ]
[ info ] [ DB ] INIT mysql
[ info ] [ VIEW ] C:\wamp64\www\ptcznweb\public/../application/admin\view\index\newslist.html [ array (
  0 => 'page',
  1 => 'list',
) ]
[ info ] [ LOG ] INIT File
[ sql ] [ DB ] CONNECT:[ UseTime:0.020912s ] mysql:host=211.159.169.104;port=3306;dbname=ptcznweb;charset=utf8
[ sql ] [ SQL ] SHOW COLUMNS FROM `news` [ RunTime:0.018358s ]
[ sql ] [ SQL ] SELECT COUNT(*) AS tp_count FROM `news` LIMIT 1 [ RunTime:0.015395s ]
[ sql ] [ SQL ] SELECT `id`,`title`,`abstract`,`cre_time`,`author`,`newstype`,`newsopen`,`import` FROM `news` ORDER BY `id`  desc LIMIT 0,5 [ RunTime:0.019974s ]
---------------------------------------------------------------
[ 2018-03-23T00:02:49+08:00 ] 127.0.0.1 GET /ptcznweb/public/admin.php/Index/favicon.ico
[ info ] 127.0.0.1/ptcznweb/public/admin.php/Index/favicon.ico [运行时间：0.036218s][吞吐率：27.61req/s] [内存消耗：2,977.67kb] [文件加载：48]
[ info ] [ LANG ] C:\wamp64\www\ptcznweb\thinkphp\lang\zh-cn.php
[ info ] [ BIND ] 'admin'
[ info ] [ ROUTE ] array (
  'type' => 'module',
  'module' => 
  array (
    0 => 'admin',
    1 => 'Index',
    2 => 'favicon.ico',
  ),
)
[ info ] [ HEADER ] array (
  'host' => '127.0.0.1',
  'connection' => 'keep-alive',
  'pragma' => 'no-cache',
  'cache-control' => 'no-cache',
  'user-agent' => 'Mozilla/5.0 (Windows NT 10.0; WOW64) AppleWebKit/537.36 (KHTML, like Gecko) Chrome/63.0.3239.132 Safari/537.36',
  'accept' => 'image/webp,image/apng,image/*,*/*;q=0.8',
  'referer' => 'http://127.0.0.1/ptcznweb/public/admin.php/Index/index.html',
  'accept-encoding' => 'gzip, deflate, br',
  'accept-language' => 'zh-CN,zh;q=0.9,en;q=0.8',
  'cookie' => 'Hm_lvt_b393d153aeb26b46e9431fabaf0f6190=1521168836; PHPSESSID=lm2akm6euk60ghu7sqjl9jd3a4',
)
[ info ] [ PARAM ] array (
)
[ info ] [ LOG ] INIT File
---------------------------------------------------------------
[ 2018-03-23T00:02:49+08:00 ] 127.0.0.1 GET /ptcznweb/public/json/newsList.json
[ info ] 127.0.0.1/ptcznweb/public/json/newsList.json [运行时间：0.031680s][吞吐率：31.57req/s] [内存消耗：2,425.38kb] [文件加载：39]
[ info ] [ LANG ] C:\wamp64\www\ptcznweb\thinkphp\lang\zh-cn.php
[ info ] [ BIND ] 'index'
[ info ] [ ROUTE ] array (
  'type' => 'module',
  'module' => 
  array (
    0 => 'index',
    1 => 'json',
    2 => 'newsList.json',
  ),
)
[ info ] [ HEADER ] array (
  'host' => '127.0.0.1',
  'connection' => 'keep-alive',
  'accept' => '*/*',
  'x-requested-with' => 'XMLHttpRequest',
  'user-agent' => 'Mozilla/5.0 (Windows NT 10.0; WOW64) AppleWebKit/537.36 (KHTML, like Gecko) Chrome/63.0.3239.132 Safari/537.36',
  'referer' => 'http://127.0.0.1/ptcznweb/public/admin.php/index/newslist.html',
  'accept-encoding' => 'gzip, deflate, br',
  'accept-language' => 'zh-CN,zh;q=0.9,en;q=0.8',
  'cookie' => 'Hm_lvt_b393d153aeb26b46e9431fabaf0f6190=1521168836; PHPSESSID=lm2akm6euk60ghu7sqjl9jd3a4',
)
[ info ] [ PARAM ] array (
)
[ info ] [ LOG ] INIT File
---------------------------------------------------------------
[ 2018-03-23T00:02:51+08:00 ] 127.0.0.1 GET /ptcznweb/public/admin.php/index/newsedit.html?id=13
[ info ] 127.0.0.1/ptcznweb/public/admin.php/index/newsedit.html?id=13 [运行时间：0.068335s][吞吐率：14.63req/s] [内存消耗：3,398.41kb] [文件加载：51]
[ info ] [ LANG ] C:\wamp64\www\ptcznweb\thinkphp\lang\zh-cn.php
[ info ] [ BIND ] 'admin'
[ info ] [ ROUTE ] array (
  'type' => 'module',
  'module' => 
  array (
    0 => 'admin',
    1 => 'index',
    2 => 'newsedit',
  ),
)
[ info ] [ HEADER ] array (
  'host' => '127.0.0.1',
  'connection' => 'keep-alive',
  'upgrade-insecure-requests' => '1',
  'user-agent' => 'Mozilla/5.0 (Windows NT 10.0; WOW64) AppleWebKit/537.36 (KHTML, like Gecko) Chrome/63.0.3239.132 Safari/537.36',
  'accept' => 'text/html,application/xhtml+xml,application/xml;q=0.9,image/webp,image/apng,*/*;q=0.8',
  'referer' => 'http://127.0.0.1/ptcznweb/public/admin.php/index/newslist.html',
  'accept-encoding' => 'gzip, deflate, br',
  'accept-language' => 'zh-CN,zh;q=0.9,en;q=0.8',
  'cookie' => 'Hm_lvt_b393d153aeb26b46e9431fabaf0f6190=1521168836; PHPSESSID=lm2akm6euk60ghu7sqjl9jd3a4',
)
[ info ] [ PARAM ] array (
  'id' => '13',
)
[ info ] [ RUN ] app\admin\controller\Index->newsedit[ C:\wamp64\www\ptcznweb\application\admin\controller\Index.php ]
[ info ] [ DB ] INIT mysql
[ info ] [ VIEW ] C:\wamp64\www\ptcznweb\public/../application/admin\view\index\newsedit.html [ array (
  0 => 'editid',
  1 => 'edit',
  2 => 'newstype',
  3 => 'newsopen',
  4 => 'newsimport',
) ]
[ info ] [ LOG ] INIT File
[ sql ] [ DB ] CONNECT:[ UseTime:0.021008s ] mysql:host=211.159.169.104;port=3306;dbname=ptcznweb;charset=utf8
[ sql ] [ SQL ] select title,abstract,author,content,newstype,newsopen,import from news where id='13' [ RunTime:0.013867s ]
---------------------------------------------------------------
[ 2018-03-23T00:02:53+08:00 ] 127.0.0.1 POST /ptcznweb/public/admin.php/index/newsedit.html?id=13
[ info ] 127.0.0.1/ptcznweb/public/admin.php/index/newsedit.html?id=13 [运行时间：0.080637s][吞吐率：12.40req/s] [内存消耗：3,399.16kb] [文件加载：51]
[ info ] [ LANG ] C:\wamp64\www\ptcznweb\thinkphp\lang\zh-cn.php
[ info ] [ BIND ] 'admin'
[ info ] [ ROUTE ] array (
  'type' => 'module',
  'module' => 
  array (
    0 => 'admin',
    1 => 'index',
    2 => 'newsedit',
  ),
)
[ info ] [ HEADER ] array (
  'host' => '127.0.0.1',
  'connection' => 'keep-alive',
  'content-length' => '203297',
  'cache-control' => 'max-age=0',
  'origin' => 'http://127.0.0.1',
  'upgrade-insecure-requests' => '1',
  'content-type' => 'multipart/form-data; boundary=----WebKitFormBoundaryzH0epMrM5n7m7f4g',
  'user-agent' => 'Mozilla/5.0 (Windows NT 10.0; WOW64) AppleWebKit/537.36 (KHTML, like Gecko) Chrome/63.0.3239.132 Safari/537.36',
  'accept' => 'text/html,application/xhtml+xml,application/xml;q=0.9,image/webp,image/apng,*/*;q=0.8',
  'referer' => 'http://127.0.0.1/ptcznweb/public/admin.php/index/newsedit.html?id=13',
  'accept-encoding' => 'gzip, deflate, br',
  'accept-language' => 'zh-CN,zh;q=0.9,en;q=0.8',
  'cookie' => 'Hm_lvt_b393d153aeb26b46e9431fabaf0f6190=1521168836; PHPSESSID=lm2akm6euk60ghu7sqjl9jd3a4',
)
[ info ] [ PARAM ] array (
  'id' => '13',
)
[ info ] [ RUN ] app\admin\controller\Index->newsedit[ C:\wamp64\www\ptcznweb\application\admin\controller\Index.php ]
[ info ] [ DB ] INIT mysql
[ info ] [ VIEW ] C:\wamp64\www\ptcznweb\public/../application/admin\view\index\newsedit.html [ array (
  0 => 'editid',
  1 => 'edit',
  2 => 'newstype',
  3 => 'newsopen',
  4 => 'newsimport',
) ]
[ info ] [ LOG ] INIT File
[ sql ] [ DB ] CONNECT:[ UseTime:0.021014s ] mysql:host=211.159.169.104;port=3306;dbname=ptcznweb;charset=utf8
[ sql ] [ SQL ] select title,abstract,author,content,newstype,newsopen,import from news where id='13' [ RunTime:0.014751s ]
---------------------------------------------------------------
[ 2018-03-23T00:05:43+08:00 ] 127.0.0.1 GET /ptcznweb/public/admin.php/Index/index.html
[ info ] 127.0.0.1/ptcznweb/public/admin.php/Index/index.html [运行时间：0.032973s][吞吐率：30.33req/s] [内存消耗：3,013.28kb] [文件加载：47]
[ info ] [ LANG ] C:\wamp64\www\ptcznweb\thinkphp\lang\zh-cn.php
[ info ] [ BIND ] 'admin'
[ info ] [ ROUTE ] array (
  'type' => 'module',
  'module' => 
  array (
    0 => 'admin',
    1 => 'Index',
    2 => 'index',
  ),
)
[ info ] [ HEADER ] array (
  'host' => '127.0.0.1',
  'connection' => 'keep-alive',
  'cache-control' => 'max-age=0',
  'user-agent' => 'Mozilla/5.0 (Windows NT 10.0; WOW64) AppleWebKit/537.36 (KHTML, like Gecko) Chrome/63.0.3239.132 Safari/537.36',
  'upgrade-insecure-requests' => '1',
  'accept' => 'text/html,application/xhtml+xml,application/xml;q=0.9,image/webp,image/apng,*/*;q=0.8',
  'referer' => 'http://127.0.0.1/ptcznweb/public/admin.php/login/denglu.html',
  'accept-encoding' => 'gzip, deflate, br',
  'accept-language' => 'zh-CN,zh;q=0.9,en;q=0.8',
  'cookie' => 'Hm_lvt_b393d153aeb26b46e9431fabaf0f6190=1521168836; PHPSESSID=lm2akm6euk60ghu7sqjl9jd3a4',
)
[ info ] [ PARAM ] array (
)
[ info ] [ RUN ] app\admin\controller\Index->index[ C:\wamp64\www\ptcznweb\application\admin\controller\Index.php ]
[ info ] [ VIEW ] C:\wamp64\www\ptcznweb\public/../application/admin\view\index\index.html [ array (
) ]
[ info ] [ LOG ] INIT File
---------------------------------------------------------------
[ 2018-03-23T00:05:43+08:00 ] 127.0.0.1 GET /ptcznweb/public/admin.php/Index/images/face.jpg
[ info ] 127.0.0.1/ptcznweb/public/admin.php/Index/images/face.jpg [运行时间：0.047086s][吞吐率：21.24req/s] [内存消耗：2,977.05kb] [文件加载：48]
[ info ] [ LANG ] C:\wamp64\www\ptcznweb\thinkphp\lang\zh-cn.php
[ info ] [ BIND ] 'admin'
[ info ] [ ROUTE ] array (
  'type' => 'module',
  'module' => 
  array (
    0 => 'admin',
    1 => 'Index',
    2 => 'images',
  ),
)
[ info ] [ HEADER ] array (
  'host' => '127.0.0.1',
  'connection' => 'keep-alive',
  'user-agent' => 'Mozilla/5.0 (Windows NT 10.0; WOW64) AppleWebKit/537.36 (KHTML, like Gecko) Chrome/63.0.3239.132 Safari/537.36',
  'accept' => 'image/webp,image/apng,image/*,*/*;q=0.8',
  'referer' => 'http://127.0.0.1/ptcznweb/public/admin.php/Index/index.html',
  'accept-encoding' => 'gzip, deflate, br',
  'accept-language' => 'zh-CN,zh;q=0.9,en;q=0.8',
  'cookie' => 'Hm_lvt_b393d153aeb26b46e9431fabaf0f6190=1521168836; PHPSESSID=lm2akm6euk60ghu7sqjl9jd3a4',
)
[ info ] [ PARAM ] array (
)
[ info ] [ LOG ] INIT File
---------------------------------------------------------------
[ 2018-03-23T00:05:43+08:00 ] 127.0.0.1 GET /ptcznweb/public/admin.php/Index/js/bodyTab.js
[ info ] 127.0.0.1/ptcznweb/public/admin.php/Index/js/bodyTab.js [运行时间：0.071127s][吞吐率：14.06req/s] [内存消耗：2,976.87kb] [文件加载：48]
[ info ] [ LANG ] C:\wamp64\www\ptcznweb\thinkphp\lang\zh-cn.php
[ info ] [ BIND ] 'admin'
[ info ] [ ROUTE ] array (
  'type' => 'module',
  'module' => 
  array (
    0 => 'admin',
    1 => 'Index',
    2 => 'js',
  ),
)
[ info ] [ HEADER ] array (
  'host' => '127.0.0.1',
  'connection' => 'keep-alive',
  'user-agent' => 'Mozilla/5.0 (Windows NT 10.0; WOW64) AppleWebKit/537.36 (KHTML, like Gecko) Chrome/63.0.3239.132 Safari/537.36',
  'accept' => '*/*',
  'referer' => 'http://127.0.0.1/ptcznweb/public/admin.php/Index/index.html',
  'accept-encoding' => 'gzip, deflate, br',
  'accept-language' => 'zh-CN,zh;q=0.9,en;q=0.8',
  'cookie' => 'Hm_lvt_b393d153aeb26b46e9431fabaf0f6190=1521168836; PHPSESSID=lm2akm6euk60ghu7sqjl9jd3a4',
)
[ info ] [ PARAM ] array (
)
[ info ] [ LOG ] INIT File
---------------------------------------------------------------
[ 2018-03-23T00:05:43+08:00 ] 127.0.0.1 GET /ptcznweb/public/admin.php/index/newslist.html
[ info ] 127.0.0.1/ptcznweb/public/admin.php/index/newslist.html [运行时间：0.135670s][吞吐率：7.37req/s] [内存消耗：4,495.41kb] [文件加载：56]
[ info ] [ LANG ] C:\wamp64\www\ptcznweb\thinkphp\lang\zh-cn.php
[ info ] [ BIND ] 'admin'
[ info ] [ ROUTE ] array (
  'type' => 'module',
  'module' => 
  array (
    0 => 'admin',
    1 => 'index',
    2 => 'newslist',
  ),
)
[ info ] [ HEADER ] array (
  'host' => '127.0.0.1',
  'connection' => 'keep-alive',
  'upgrade-insecure-requests' => '1',
  'user-agent' => 'Mozilla/5.0 (Windows NT 10.0; WOW64) AppleWebKit/537.36 (KHTML, like Gecko) Chrome/63.0.3239.132 Safari/537.36',
  'accept' => 'text/html,application/xhtml+xml,application/xml;q=0.9,image/webp,image/apng,*/*;q=0.8',
  'referer' => 'http://127.0.0.1/ptcznweb/public/admin.php/Index/index.html',
  'accept-encoding' => 'gzip, deflate, br',
  'accept-language' => 'zh-CN,zh;q=0.9,en;q=0.8',
  'cookie' => 'Hm_lvt_b393d153aeb26b46e9431fabaf0f6190=1521168836; PHPSESSID=lm2akm6euk60ghu7sqjl9jd3a4',
)
[ info ] [ PARAM ] array (
)
[ info ] [ RUN ] app\admin\controller\Index->newslist[ C:\wamp64\www\ptcznweb\application\admin\controller\Index.php ]
[ info ] [ DB ] INIT mysql
[ info ] [ VIEW ] C:\wamp64\www\ptcznweb\public/../application/admin\view\index\newslist.html [ array (
  0 => 'page',
  1 => 'list',
) ]
[ info ] [ LOG ] INIT File
[ sql ] [ DB ] CONNECT:[ UseTime:0.020340s ] mysql:host=211.159.169.104;port=3306;dbname=ptcznweb;charset=utf8
[ sql ] [ SQL ] SHOW COLUMNS FROM `news` [ RunTime:0.018981s ]
[ sql ] [ SQL ] SELECT COUNT(*) AS tp_count FROM `news` LIMIT 1 [ RunTime:0.014202s ]
[ sql ] [ SQL ] SELECT `id`,`title`,`abstract`,`cre_time`,`author`,`newstype`,`newsopen`,`import` FROM `news` ORDER BY `id`  desc LIMIT 0,5 [ RunTime:0.023426s ]
---------------------------------------------------------------
[ 2018-03-23T00:05:44+08:00 ] 127.0.0.1 GET /ptcznweb/public/json/newsList.json
[ info ] 127.0.0.1/ptcznweb/public/json/newsList.json [运行时间：0.024089s][吞吐率：41.51req/s] [内存消耗：2,425.38kb] [文件加载：39]
[ info ] [ LANG ] C:\wamp64\www\ptcznweb\thinkphp\lang\zh-cn.php
[ info ] [ BIND ] 'index'
[ info ] [ ROUTE ] array (
  'type' => 'module',
  'module' => 
  array (
    0 => 'index',
    1 => 'json',
    2 => 'newsList.json',
  ),
)
[ info ] [ HEADER ] array (
  'host' => '127.0.0.1',
  'connection' => 'keep-alive',
  'accept' => '*/*',
  'x-requested-with' => 'XMLHttpRequest',
  'user-agent' => 'Mozilla/5.0 (Windows NT 10.0; WOW64) AppleWebKit/537.36 (KHTML, like Gecko) Chrome/63.0.3239.132 Safari/537.36',
  'referer' => 'http://127.0.0.1/ptcznweb/public/admin.php/index/newslist.html',
  'accept-encoding' => 'gzip, deflate, br',
  'accept-language' => 'zh-CN,zh;q=0.9,en;q=0.8',
  'cookie' => 'Hm_lvt_b393d153aeb26b46e9431fabaf0f6190=1521168836; PHPSESSID=lm2akm6euk60ghu7sqjl9jd3a4',
)
[ info ] [ PARAM ] array (
)
[ info ] [ LOG ] INIT File
---------------------------------------------------------------
[ 2018-03-23T00:05:45+08:00 ] 127.0.0.1 GET /ptcznweb/public/admin.php/index/newsedit.html?id=13
[ info ] 127.0.0.1/ptcznweb/public/admin.php/index/newsedit.html?id=13 [运行时间：0.083000s][吞吐率：12.05req/s] [内存消耗：3,398.41kb] [文件加载：51]
[ info ] [ LANG ] C:\wamp64\www\ptcznweb\thinkphp\lang\zh-cn.php
[ info ] [ BIND ] 'admin'
[ info ] [ ROUTE ] array (
  'type' => 'module',
  'module' => 
  array (
    0 => 'admin',
    1 => 'index',
    2 => 'newsedit',
  ),
)
[ info ] [ HEADER ] array (
  'host' => '127.0.0.1',
  'connection' => 'keep-alive',
  'upgrade-insecure-requests' => '1',
  'user-agent' => 'Mozilla/5.0 (Windows NT 10.0; WOW64) AppleWebKit/537.36 (KHTML, like Gecko) Chrome/63.0.3239.132 Safari/537.36',
  'accept' => 'text/html,application/xhtml+xml,application/xml;q=0.9,image/webp,image/apng,*/*;q=0.8',
  'referer' => 'http://127.0.0.1/ptcznweb/public/admin.php/index/newslist.html',
  'accept-encoding' => 'gzip, deflate, br',
  'accept-language' => 'zh-CN,zh;q=0.9,en;q=0.8',
  'cookie' => 'Hm_lvt_b393d153aeb26b46e9431fabaf0f6190=1521168836; PHPSESSID=lm2akm6euk60ghu7sqjl9jd3a4',
)
[ info ] [ PARAM ] array (
  'id' => '13',
)
[ info ] [ RUN ] app\admin\controller\Index->newsedit[ C:\wamp64\www\ptcznweb\application\admin\controller\Index.php ]
[ info ] [ DB ] INIT mysql
[ info ] [ VIEW ] C:\wamp64\www\ptcznweb\public/../application/admin\view\index\newsedit.html [ array (
  0 => 'editid',
  1 => 'edit',
  2 => 'newstype',
  3 => 'newsopen',
  4 => 'newsimport',
) ]
[ info ] [ LOG ] INIT File
[ sql ] [ DB ] CONNECT:[ UseTime:0.020863s ] mysql:host=211.159.169.104;port=3306;dbname=ptcznweb;charset=utf8
[ sql ] [ SQL ] select title,abstract,author,content,newstype,newsopen,import from news where id='13' [ RunTime:0.030531s ]
---------------------------------------------------------------
[ 2018-03-23T00:05:47+08:00 ] 127.0.0.1 POST /ptcznweb/public/admin.php/index/newsedit.html?id=13
[ info ] 127.0.0.1/ptcznweb/public/admin.php/index/newsedit.html?id=13 [运行时间：0.093661s][吞吐率：10.68req/s] [内存消耗：3,399.16kb] [文件加载：51]
[ info ] [ LANG ] C:\wamp64\www\ptcznweb\thinkphp\lang\zh-cn.php
[ info ] [ BIND ] 'admin'
[ info ] [ ROUTE ] array (
  'type' => 'module',
  'module' => 
  array (
    0 => 'admin',
    1 => 'index',
    2 => 'newsedit',
  ),
)
[ info ] [ HEADER ] array (
  'host' => '127.0.0.1',
  'connection' => 'keep-alive',
  'content-length' => '203297',
  'cache-control' => 'max-age=0',
  'origin' => 'http://127.0.0.1',
  'upgrade-insecure-requests' => '1',
  'content-type' => 'multipart/form-data; boundary=----WebKitFormBoundaryv7Jyng6fm5Oa7Iyq',
  'user-agent' => 'Mozilla/5.0 (Windows NT 10.0; WOW64) AppleWebKit/537.36 (KHTML, like Gecko) Chrome/63.0.3239.132 Safari/537.36',
  'accept' => 'text/html,application/xhtml+xml,application/xml;q=0.9,image/webp,image/apng,*/*;q=0.8',
  'referer' => 'http://127.0.0.1/ptcznweb/public/admin.php/index/newsedit.html?id=13',
  'accept-encoding' => 'gzip, deflate, br',
  'accept-language' => 'zh-CN,zh;q=0.9,en;q=0.8',
  'cookie' => 'Hm_lvt_b393d153aeb26b46e9431fabaf0f6190=1521168836; PHPSESSID=lm2akm6euk60ghu7sqjl9jd3a4',
)
[ info ] [ PARAM ] array (
  'id' => '13',
)
[ info ] [ RUN ] app\admin\controller\Index->newsedit[ C:\wamp64\www\ptcznweb\application\admin\controller\Index.php ]
[ info ] [ DB ] INIT mysql
[ info ] [ VIEW ] C:\wamp64\www\ptcznweb\public/../application/admin\view\index\newsedit.html [ array (
  0 => 'editid',
  1 => 'edit',
  2 => 'newstype',
  3 => 'newsopen',
  4 => 'newsimport',
) ]
[ info ] [ LOG ] INIT File
[ sql ] [ DB ] CONNECT:[ UseTime:0.026340s ] mysql:host=211.159.169.104;port=3306;dbname=ptcznweb;charset=utf8
[ sql ] [ SQL ] select title,abstract,author,content,newstype,newsopen,import from news where id='13' [ RunTime:0.017141s ]
---------------------------------------------------------------
[ 2018-03-23T00:05:57+08:00 ] 127.0.0.1 GET /ptcznweb/public/admin.php/Index/index.html
[ info ] 127.0.0.1/ptcznweb/public/admin.php/Index/index.html [运行时间：0.030295s][吞吐率：33.01req/s] [内存消耗：3,013.69kb] [文件加载：47]
[ info ] [ LANG ] C:\wamp64\www\ptcznweb\thinkphp\lang\zh-cn.php
[ info ] [ BIND ] 'admin'
[ info ] [ ROUTE ] array (
  'type' => 'module',
  'module' => 
  array (
    0 => 'admin',
    1 => 'Index',
    2 => 'index',
  ),
)
[ info ] [ HEADER ] array (
  'host' => '127.0.0.1',
  'connection' => 'keep-alive',
  'pragma' => 'no-cache',
  'cache-control' => 'no-cache',
  'user-agent' => 'Mozilla/5.0 (Windows NT 10.0; WOW64) AppleWebKit/537.36 (KHTML, like Gecko) Chrome/63.0.3239.132 Safari/537.36',
  'upgrade-insecure-requests' => '1',
  'accept' => 'text/html,application/xhtml+xml,application/xml;q=0.9,image/webp,image/apng,*/*;q=0.8',
  'referer' => 'http://127.0.0.1/ptcznweb/public/admin.php/login/denglu.html',
  'accept-encoding' => 'gzip, deflate, br',
  'accept-language' => 'zh-CN,zh;q=0.9,en;q=0.8',
  'cookie' => 'Hm_lvt_b393d153aeb26b46e9431fabaf0f6190=1521168836; PHPSESSID=lm2akm6euk60ghu7sqjl9jd3a4',
)
[ info ] [ PARAM ] array (
)
[ info ] [ RUN ] app\admin\controller\Index->index[ C:\wamp64\www\ptcznweb\application\admin\controller\Index.php ]
[ info ] [ VIEW ] C:\wamp64\www\ptcznweb\public/../application/admin\view\index\index.html [ array (
) ]
[ info ] [ LOG ] INIT File
---------------------------------------------------------------
[ 2018-03-23T00:05:57+08:00 ] 127.0.0.1 GET /ptcznweb/public/admin.php/Index/images/face.jpg
[ info ] 127.0.0.1/ptcznweb/public/admin.php/Index/images/face.jpg [运行时间：0.046696s][吞吐率：21.42req/s] [内存消耗：2,977.52kb] [文件加载：48]
[ info ] [ LANG ] C:\wamp64\www\ptcznweb\thinkphp\lang\zh-cn.php
[ info ] [ BIND ] 'admin'
[ info ] [ ROUTE ] array (
  'type' => 'module',
  'module' => 
  array (
    0 => 'admin',
    1 => 'Index',
    2 => 'images',
  ),
)
[ info ] [ HEADER ] array (
  'host' => '127.0.0.1',
  'connection' => 'keep-alive',
  'pragma' => 'no-cache',
  'cache-control' => 'no-cache',
  'user-agent' => 'Mozilla/5.0 (Windows NT 10.0; WOW64) AppleWebKit/537.36 (KHTML, like Gecko) Chrome/63.0.3239.132 Safari/537.36',
  'accept' => 'image/webp,image/apng,image/*,*/*;q=0.8',
  'referer' => 'http://127.0.0.1/ptcznweb/public/admin.php/Index/index.html',
  'accept-encoding' => 'gzip, deflate, br',
  'accept-language' => 'zh-CN,zh;q=0.9,en;q=0.8',
  'cookie' => 'Hm_lvt_b393d153aeb26b46e9431fabaf0f6190=1521168836; PHPSESSID=lm2akm6euk60ghu7sqjl9jd3a4',
)
[ info ] [ PARAM ] array (
)
[ info ] [ LOG ] INIT File
---------------------------------------------------------------
[ 2018-03-23T00:05:57+08:00 ] 127.0.0.1 GET /ptcznweb/public/admin.php/Index/js/bodyTab.js
[ info ] 127.0.0.1/ptcznweb/public/admin.php/Index/js/bodyTab.js [运行时间：0.047454s][吞吐率：21.07req/s] [内存消耗：2,977.27kb] [文件加载：48]
[ info ] [ LANG ] C:\wamp64\www\ptcznweb\thinkphp\lang\zh-cn.php
[ info ] [ BIND ] 'admin'
[ info ] [ ROUTE ] array (
  'type' => 'module',
  'module' => 
  array (
    0 => 'admin',
    1 => 'Index',
    2 => 'js',
  ),
)
[ info ] [ HEADER ] array (
  'host' => '127.0.0.1',
  'connection' => 'keep-alive',
  'pragma' => 'no-cache',
  'cache-control' => 'no-cache',
  'user-agent' => 'Mozilla/5.0 (Windows NT 10.0; WOW64) AppleWebKit/537.36 (KHTML, like Gecko) Chrome/63.0.3239.132 Safari/537.36',
  'accept' => '*/*',
  'referer' => 'http://127.0.0.1/ptcznweb/public/admin.php/Index/index.html',
  'accept-encoding' => 'gzip, deflate, br',
  'accept-language' => 'zh-CN,zh;q=0.9,en;q=0.8',
  'cookie' => 'Hm_lvt_b393d153aeb26b46e9431fabaf0f6190=1521168836; PHPSESSID=lm2akm6euk60ghu7sqjl9jd3a4',
)
[ info ] [ PARAM ] array (
)
[ info ] [ LOG ] INIT File
---------------------------------------------------------------
[ 2018-03-23T00:05:57+08:00 ] 127.0.0.1 GET /ptcznweb/public/admin.php/index/newslist.html
[ info ] 127.0.0.1/ptcznweb/public/admin.php/index/newslist.html [运行时间：0.135863s][吞吐率：7.36req/s] [内存消耗：4,495.99kb] [文件加载：56]
[ info ] [ LANG ] C:\wamp64\www\ptcznweb\thinkphp\lang\zh-cn.php
[ info ] [ BIND ] 'admin'
[ info ] [ ROUTE ] array (
  'type' => 'module',
  'module' => 
  array (
    0 => 'admin',
    1 => 'index',
    2 => 'newslist',
  ),
)
[ info ] [ HEADER ] array (
  'host' => '127.0.0.1',
  'connection' => 'keep-alive',
  'pragma' => 'no-cache',
  'cache-control' => 'no-cache',
  'upgrade-insecure-requests' => '1',
  'user-agent' => 'Mozilla/5.0 (Windows NT 10.0; WOW64) AppleWebKit/537.36 (KHTML, like Gecko) Chrome/63.0.3239.132 Safari/537.36',
  'accept' => 'text/html,application/xhtml+xml,application/xml;q=0.9,image/webp,image/apng,*/*;q=0.8',
  'referer' => 'http://127.0.0.1/ptcznweb/public/admin.php/Index/index.html',
  'accept-encoding' => 'gzip, deflate, br',
  'accept-language' => 'zh-CN,zh;q=0.9,en;q=0.8',
  'cookie' => 'Hm_lvt_b393d153aeb26b46e9431fabaf0f6190=1521168836; PHPSESSID=lm2akm6euk60ghu7sqjl9jd3a4',
)
[ info ] [ PARAM ] array (
)
[ info ] [ RUN ] app\admin\controller\Index->newslist[ C:\wamp64\www\ptcznweb\application\admin\controller\Index.php ]
[ info ] [ DB ] INIT mysql
[ info ] [ VIEW ] C:\wamp64\www\ptcznweb\public/../application/admin\view\index\newslist.html [ array (
  0 => 'page',
  1 => 'list',
) ]
[ info ] [ LOG ] INIT File
[ sql ] [ DB ] CONNECT:[ UseTime:0.020389s ] mysql:host=211.159.169.104;port=3306;dbname=ptcznweb;charset=utf8
[ sql ] [ SQL ] SHOW COLUMNS FROM `news` [ RunTime:0.014703s ]
[ sql ] [ SQL ] SELECT COUNT(*) AS tp_count FROM `news` LIMIT 1 [ RunTime:0.027643s ]
[ sql ] [ SQL ] SELECT `id`,`title`,`abstract`,`cre_time`,`author`,`newstype`,`newsopen`,`import` FROM `news` ORDER BY `id`  desc LIMIT 0,5 [ RunTime:0.014568s ]
---------------------------------------------------------------
[ 2018-03-23T00:05:57+08:00 ] 127.0.0.1 GET /ptcznweb/public/json/newsList.json
[ info ] 127.0.0.1/ptcznweb/public/json/newsList.json [运行时间：0.031025s][吞吐率：32.23req/s] [内存消耗：2,425.38kb] [文件加载：39]
[ info ] [ LANG ] C:\wamp64\www\ptcznweb\thinkphp\lang\zh-cn.php
[ info ] [ BIND ] 'index'
[ info ] [ ROUTE ] array (
  'type' => 'module',
  'module' => 
  array (
    0 => 'index',
    1 => 'json',
    2 => 'newsList.json',
  ),
)
[ info ] [ HEADER ] array (
  'host' => '127.0.0.1',
  'connection' => 'keep-alive',
  'accept' => '*/*',
  'x-requested-with' => 'XMLHttpRequest',
  'user-agent' => 'Mozilla/5.0 (Windows NT 10.0; WOW64) AppleWebKit/537.36 (KHTML, like Gecko) Chrome/63.0.3239.132 Safari/537.36',
  'referer' => 'http://127.0.0.1/ptcznweb/public/admin.php/index/newslist.html',
  'accept-encoding' => 'gzip, deflate, br',
  'accept-language' => 'zh-CN,zh;q=0.9,en;q=0.8',
  'cookie' => 'Hm_lvt_b393d153aeb26b46e9431fabaf0f6190=1521168836; PHPSESSID=lm2akm6euk60ghu7sqjl9jd3a4',
)
[ info ] [ PARAM ] array (
)
[ info ] [ LOG ] INIT File
---------------------------------------------------------------
[ 2018-03-23T00:05:57+08:00 ] 127.0.0.1 GET /ptcznweb/public/admin.php/Index/favicon.ico
[ info ] 127.0.0.1/ptcznweb/public/admin.php/Index/favicon.ico [运行时间：0.044048s][吞吐率：22.70req/s] [内存消耗：2,977.67kb] [文件加载：48]
[ info ] [ LANG ] C:\wamp64\www\ptcznweb\thinkphp\lang\zh-cn.php
[ info ] [ BIND ] 'admin'
[ info ] [ ROUTE ] array (
  'type' => 'module',
  'module' => 
  array (
    0 => 'admin',
    1 => 'Index',
    2 => 'favicon.ico',
  ),
)
[ info ] [ HEADER ] array (
  'host' => '127.0.0.1',
  'connection' => 'keep-alive',
  'pragma' => 'no-cache',
  'cache-control' => 'no-cache',
  'user-agent' => 'Mozilla/5.0 (Windows NT 10.0; WOW64) AppleWebKit/537.36 (KHTML, like Gecko) Chrome/63.0.3239.132 Safari/537.36',
  'accept' => 'image/webp,image/apng,image/*,*/*;q=0.8',
  'referer' => 'http://127.0.0.1/ptcznweb/public/admin.php/Index/index.html',
  'accept-encoding' => 'gzip, deflate, br',
  'accept-language' => 'zh-CN,zh;q=0.9,en;q=0.8',
  'cookie' => 'Hm_lvt_b393d153aeb26b46e9431fabaf0f6190=1521168836; PHPSESSID=lm2akm6euk60ghu7sqjl9jd3a4',
)
[ info ] [ PARAM ] array (
)
[ info ] [ LOG ] INIT File
---------------------------------------------------------------
[ 2018-03-23T00:05:58+08:00 ] 127.0.0.1 GET /ptcznweb/public/admin.php/Index/index.html
[ info ] 127.0.0.1/ptcznweb/public/admin.php/Index/index.html [运行时间：0.041831s][吞吐率：23.91req/s] [内存消耗：3,013.28kb] [文件加载：47]
[ info ] [ LANG ] C:\wamp64\www\ptcznweb\thinkphp\lang\zh-cn.php
[ info ] [ BIND ] 'admin'
[ info ] [ ROUTE ] array (
  'type' => 'module',
  'module' => 
  array (
    0 => 'admin',
    1 => 'Index',
    2 => 'index',
  ),
)
[ info ] [ HEADER ] array (
  'host' => '127.0.0.1',
  'connection' => 'keep-alive',
  'cache-control' => 'max-age=0',
  'user-agent' => 'Mozilla/5.0 (Windows NT 10.0; WOW64) AppleWebKit/537.36 (KHTML, like Gecko) Chrome/63.0.3239.132 Safari/537.36',
  'upgrade-insecure-requests' => '1',
  'accept' => 'text/html,application/xhtml+xml,application/xml;q=0.9,image/webp,image/apng,*/*;q=0.8',
  'referer' => 'http://127.0.0.1/ptcznweb/public/admin.php/login/denglu.html',
  'accept-encoding' => 'gzip, deflate, br',
  'accept-language' => 'zh-CN,zh;q=0.9,en;q=0.8',
  'cookie' => 'Hm_lvt_b393d153aeb26b46e9431fabaf0f6190=1521168836; PHPSESSID=lm2akm6euk60ghu7sqjl9jd3a4',
)
[ info ] [ PARAM ] array (
)
[ info ] [ RUN ] app\admin\controller\Index->index[ C:\wamp64\www\ptcznweb\application\admin\controller\Index.php ]
[ info ] [ VIEW ] C:\wamp64\www\ptcznweb\public/../application/admin\view\index\index.html [ array (
) ]
[ info ] [ LOG ] INIT File
---------------------------------------------------------------
[ 2018-03-23T00:05:58+08:00 ] 127.0.0.1 GET /ptcznweb/public/admin.php/Index/images/face.jpg
[ info ] 127.0.0.1/ptcznweb/public/admin.php/Index/images/face.jpg [运行时间：0.046392s][吞吐率：21.56req/s] [内存消耗：2,977.05kb] [文件加载：48]
[ info ] [ LANG ] C:\wamp64\www\ptcznweb\thinkphp\lang\zh-cn.php
[ info ] [ BIND ] 'admin'
[ info ] [ ROUTE ] array (
  'type' => 'module',
  'module' => 
  array (
    0 => 'admin',
    1 => 'Index',
    2 => 'images',
  ),
)
[ info ] [ HEADER ] array (
  'host' => '127.0.0.1',
  'connection' => 'keep-alive',
  'user-agent' => 'Mozilla/5.0 (Windows NT 10.0; WOW64) AppleWebKit/537.36 (KHTML, like Gecko) Chrome/63.0.3239.132 Safari/537.36',
  'accept' => 'image/webp,image/apng,image/*,*/*;q=0.8',
  'referer' => 'http://127.0.0.1/ptcznweb/public/admin.php/Index/index.html',
  'accept-encoding' => 'gzip, deflate, br',
  'accept-language' => 'zh-CN,zh;q=0.9,en;q=0.8',
  'cookie' => 'Hm_lvt_b393d153aeb26b46e9431fabaf0f6190=1521168836; PHPSESSID=lm2akm6euk60ghu7sqjl9jd3a4',
)
[ info ] [ PARAM ] array (
)
[ info ] [ LOG ] INIT File
---------------------------------------------------------------
[ 2018-03-23T00:05:58+08:00 ] 127.0.0.1 GET /ptcznweb/public/admin.php/Index/js/bodyTab.js
[ info ] 127.0.0.1/ptcznweb/public/admin.php/Index/js/bodyTab.js [运行时间：0.055412s][吞吐率：18.05req/s] [内存消耗：2,976.87kb] [文件加载：48]
[ info ] [ LANG ] C:\wamp64\www\ptcznweb\thinkphp\lang\zh-cn.php
[ info ] [ BIND ] 'admin'
[ info ] [ ROUTE ] array (
  'type' => 'module',
  'module' => 
  array (
    0 => 'admin',
    1 => 'Index',
    2 => 'js',
  ),
)
[ info ] [ HEADER ] array (
  'host' => '127.0.0.1',
  'connection' => 'keep-alive',
  'user-agent' => 'Mozilla/5.0 (Windows NT 10.0; WOW64) AppleWebKit/537.36 (KHTML, like Gecko) Chrome/63.0.3239.132 Safari/537.36',
  'accept' => '*/*',
  'referer' => 'http://127.0.0.1/ptcznweb/public/admin.php/Index/index.html',
  'accept-encoding' => 'gzip, deflate, br',
  'accept-language' => 'zh-CN,zh;q=0.9,en;q=0.8',
  'cookie' => 'Hm_lvt_b393d153aeb26b46e9431fabaf0f6190=1521168836; PHPSESSID=lm2akm6euk60ghu7sqjl9jd3a4',
)
[ info ] [ PARAM ] array (
)
[ info ] [ LOG ] INIT File
---------------------------------------------------------------
[ 2018-03-23T00:05:59+08:00 ] 127.0.0.1 GET /ptcznweb/public/admin.php/index/newslist.html
[ info ] 127.0.0.1/ptcznweb/public/admin.php/index/newslist.html [运行时间：0.180188s][吞吐率：5.55req/s] [内存消耗：4,495.41kb] [文件加载：56]
[ info ] [ LANG ] C:\wamp64\www\ptcznweb\thinkphp\lang\zh-cn.php
[ info ] [ BIND ] 'admin'
[ info ] [ ROUTE ] array (
  'type' => 'module',
  'module' => 
  array (
    0 => 'admin',
    1 => 'index',
    2 => 'newslist',
  ),
)
[ info ] [ HEADER ] array (
  'host' => '127.0.0.1',
  'connection' => 'keep-alive',
  'upgrade-insecure-requests' => '1',
  'user-agent' => 'Mozilla/5.0 (Windows NT 10.0; WOW64) AppleWebKit/537.36 (KHTML, like Gecko) Chrome/63.0.3239.132 Safari/537.36',
  'accept' => 'text/html,application/xhtml+xml,application/xml;q=0.9,image/webp,image/apng,*/*;q=0.8',
  'referer' => 'http://127.0.0.1/ptcznweb/public/admin.php/Index/index.html',
  'accept-encoding' => 'gzip, deflate, br',
  'accept-language' => 'zh-CN,zh;q=0.9,en;q=0.8',
  'cookie' => 'Hm_lvt_b393d153aeb26b46e9431fabaf0f6190=1521168836; PHPSESSID=lm2akm6euk60ghu7sqjl9jd3a4',
)
[ info ] [ PARAM ] array (
)
[ info ] [ RUN ] app\admin\controller\Index->newslist[ C:\wamp64\www\ptcznweb\application\admin\controller\Index.php ]
[ info ] [ DB ] INIT mysql
[ info ] [ VIEW ] C:\wamp64\www\ptcznweb\public/../application/admin\view\index\newslist.html [ array (
  0 => 'page',
  1 => 'list',
) ]
[ info ] [ LOG ] INIT File
[ sql ] [ DB ] CONNECT:[ UseTime:0.023820s ] mysql:host=211.159.169.104;port=3306;dbname=ptcznweb;charset=utf8
[ sql ] [ SQL ] SHOW COLUMNS FROM `news` [ RunTime:0.019358s ]
[ sql ] [ SQL ] SELECT COUNT(*) AS tp_count FROM `news` LIMIT 1 [ RunTime:0.026504s ]
[ sql ] [ SQL ] SELECT `id`,`title`,`abstract`,`cre_time`,`author`,`newstype`,`newsopen`,`import` FROM `news` ORDER BY `id`  desc LIMIT 0,5 [ RunTime:0.020203s ]
---------------------------------------------------------------
[ 2018-03-23T00:05:59+08:00 ] 127.0.0.1 GET /ptcznweb/public/json/newsList.json
[ info ] 127.0.0.1/ptcznweb/public/json/newsList.json [运行时间：0.027397s][吞吐率：36.50req/s] [内存消耗：2,425.38kb] [文件加载：39]
[ info ] [ LANG ] C:\wamp64\www\ptcznweb\thinkphp\lang\zh-cn.php
[ info ] [ BIND ] 'index'
[ info ] [ ROUTE ] array (
  'type' => 'module',
  'module' => 
  array (
    0 => 'index',
    1 => 'json',
    2 => 'newsList.json',
  ),
)
[ info ] [ HEADER ] array (
  'host' => '127.0.0.1',
  'connection' => 'keep-alive',
  'accept' => '*/*',
  'x-requested-with' => 'XMLHttpRequest',
  'user-agent' => 'Mozilla/5.0 (Windows NT 10.0; WOW64) AppleWebKit/537.36 (KHTML, like Gecko) Chrome/63.0.3239.132 Safari/537.36',
  'referer' => 'http://127.0.0.1/ptcznweb/public/admin.php/index/newslist.html',
  'accept-encoding' => 'gzip, deflate, br',
  'accept-language' => 'zh-CN,zh;q=0.9,en;q=0.8',
  'cookie' => 'Hm_lvt_b393d153aeb26b46e9431fabaf0f6190=1521168836; PHPSESSID=lm2akm6euk60ghu7sqjl9jd3a4',
)
[ info ] [ PARAM ] array (
)
[ info ] [ LOG ] INIT File
---------------------------------------------------------------
[ 2018-03-23T00:05:59+08:00 ] 127.0.0.1 GET /ptcznweb/public/admin.php/index/newsedit.html?id=13
[ info ] 127.0.0.1/ptcznweb/public/admin.php/index/newsedit.html?id=13 [运行时间：0.091121s][吞吐率：10.97req/s] [内存消耗：3,398.41kb] [文件加载：51]
[ info ] [ LANG ] C:\wamp64\www\ptcznweb\thinkphp\lang\zh-cn.php
[ info ] [ BIND ] 'admin'
[ info ] [ ROUTE ] array (
  'type' => 'module',
  'module' => 
  array (
    0 => 'admin',
    1 => 'index',
    2 => 'newsedit',
  ),
)
[ info ] [ HEADER ] array (
  'host' => '127.0.0.1',
  'connection' => 'keep-alive',
  'upgrade-insecure-requests' => '1',
  'user-agent' => 'Mozilla/5.0 (Windows NT 10.0; WOW64) AppleWebKit/537.36 (KHTML, like Gecko) Chrome/63.0.3239.132 Safari/537.36',
  'accept' => 'text/html,application/xhtml+xml,application/xml;q=0.9,image/webp,image/apng,*/*;q=0.8',
  'referer' => 'http://127.0.0.1/ptcznweb/public/admin.php/index/newslist.html',
  'accept-encoding' => 'gzip, deflate, br',
  'accept-language' => 'zh-CN,zh;q=0.9,en;q=0.8',
  'cookie' => 'Hm_lvt_b393d153aeb26b46e9431fabaf0f6190=1521168836; PHPSESSID=lm2akm6euk60ghu7sqjl9jd3a4',
)
[ info ] [ PARAM ] array (
  'id' => '13',
)
[ info ] [ RUN ] app\admin\controller\Index->newsedit[ C:\wamp64\www\ptcznweb\application\admin\controller\Index.php ]
[ info ] [ DB ] INIT mysql
[ info ] [ VIEW ] C:\wamp64\www\ptcznweb\public/../application/admin\view\index\newsedit.html [ array (
  0 => 'editid',
  1 => 'edit',
  2 => 'newstype',
  3 => 'newsopen',
  4 => 'newsimport',
) ]
[ info ] [ LOG ] INIT File
[ sql ] [ DB ] CONNECT:[ UseTime:0.034308s ] mysql:host=211.159.169.104;port=3306;dbname=ptcznweb;charset=utf8
[ sql ] [ SQL ] select title,abstract,author,content,newstype,newsopen,import from news where id='13' [ RunTime:0.021871s ]
---------------------------------------------------------------
[ 2018-03-23T00:06:02+08:00 ] 127.0.0.1 POST /ptcznweb/public/admin.php/index/newsedit.html?id=13
[ info ] 127.0.0.1/ptcznweb/public/admin.php/index/newsedit.html?id=13 [运行时间：0.089185s][吞吐率：11.21req/s] [内存消耗：3,399.16kb] [文件加载：51]
[ info ] [ LANG ] C:\wamp64\www\ptcznweb\thinkphp\lang\zh-cn.php
[ info ] [ BIND ] 'admin'
[ info ] [ ROUTE ] array (
  'type' => 'module',
  'module' => 
  array (
    0 => 'admin',
    1 => 'index',
    2 => 'newsedit',
  ),
)
[ info ] [ HEADER ] array (
  'host' => '127.0.0.1',
  'connection' => 'keep-alive',
  'content-length' => '203297',
  'cache-control' => 'max-age=0',
  'origin' => 'http://127.0.0.1',
  'upgrade-insecure-requests' => '1',
  'content-type' => 'multipart/form-data; boundary=----WebKitFormBoundary5On8fsxDlsQfChmA',
  'user-agent' => 'Mozilla/5.0 (Windows NT 10.0; WOW64) AppleWebKit/537.36 (KHTML, like Gecko) Chrome/63.0.3239.132 Safari/537.36',
  'accept' => 'text/html,application/xhtml+xml,application/xml;q=0.9,image/webp,image/apng,*/*;q=0.8',
  'referer' => 'http://127.0.0.1/ptcznweb/public/admin.php/index/newsedit.html?id=13',
  'accept-encoding' => 'gzip, deflate, br',
  'accept-language' => 'zh-CN,zh;q=0.9,en;q=0.8',
  'cookie' => 'Hm_lvt_b393d153aeb26b46e9431fabaf0f6190=1521168836; PHPSESSID=lm2akm6euk60ghu7sqjl9jd3a4',
)
[ info ] [ PARAM ] array (
  'id' => '13',
)
[ info ] [ RUN ] app\admin\controller\Index->newsedit[ C:\wamp64\www\ptcznweb\application\admin\controller\Index.php ]
[ info ] [ DB ] INIT mysql
[ info ] [ VIEW ] C:\wamp64\www\ptcznweb\public/../application/admin\view\index\newsedit.html [ array (
  0 => 'editid',
  1 => 'edit',
  2 => 'newstype',
  3 => 'newsopen',
  4 => 'newsimport',
) ]
[ info ] [ LOG ] INIT File
[ sql ] [ DB ] CONNECT:[ UseTime:0.028055s ] mysql:host=211.159.169.104;port=3306;dbname=ptcznweb;charset=utf8
[ sql ] [ SQL ] select title,abstract,author,content,newstype,newsopen,import from news where id='13' [ RunTime:0.023091s ]
---------------------------------------------------------------
[ 2018-03-23T00:07:59+08:00 ] 127.0.0.1 GET /ptcznweb/public/admin.php/Index/index.html
[ info ] 127.0.0.1/ptcznweb/public/admin.php/Index/index.html [运行时间：0.043109s][吞吐率：23.20req/s] [内存消耗：3,013.69kb] [文件加载：47]
[ info ] [ LANG ] C:\wamp64\www\ptcznweb\thinkphp\lang\zh-cn.php
[ info ] [ BIND ] 'admin'
[ info ] [ ROUTE ] array (
  'type' => 'module',
  'module' => 
  array (
    0 => 'admin',
    1 => 'Index',
    2 => 'index',
  ),
)
[ info ] [ HEADER ] array (
  'host' => '127.0.0.1',
  'connection' => 'keep-alive',
  'pragma' => 'no-cache',
  'cache-control' => 'no-cache',
  'user-agent' => 'Mozilla/5.0 (Windows NT 10.0; WOW64) AppleWebKit/537.36 (KHTML, like Gecko) Chrome/63.0.3239.132 Safari/537.36',
  'upgrade-insecure-requests' => '1',
  'accept' => 'text/html,application/xhtml+xml,application/xml;q=0.9,image/webp,image/apng,*/*;q=0.8',
  'referer' => 'http://127.0.0.1/ptcznweb/public/admin.php/login/denglu.html',
  'accept-encoding' => 'gzip, deflate, br',
  'accept-language' => 'zh-CN,zh;q=0.9,en;q=0.8',
  'cookie' => 'Hm_lvt_b393d153aeb26b46e9431fabaf0f6190=1521168836; PHPSESSID=lm2akm6euk60ghu7sqjl9jd3a4',
)
[ info ] [ PARAM ] array (
)
[ info ] [ RUN ] app\admin\controller\Index->index[ C:\wamp64\www\ptcznweb\application\admin\controller\Index.php ]
[ info ] [ VIEW ] C:\wamp64\www\ptcznweb\public/../application/admin\view\index\index.html [ array (
) ]
[ info ] [ LOG ] INIT File
---------------------------------------------------------------
[ 2018-03-23T00:07:59+08:00 ] 127.0.0.1 GET /ptcznweb/public/admin.php/Index/images/face.jpg
[ info ] 127.0.0.1/ptcznweb/public/admin.php/Index/images/face.jpg [运行时间：0.046719s][吞吐率：21.40req/s] [内存消耗：2,977.52kb] [文件加载：48]
[ info ] [ LANG ] C:\wamp64\www\ptcznweb\thinkphp\lang\zh-cn.php
[ info ] [ BIND ] 'admin'
[ info ] [ ROUTE ] array (
  'type' => 'module',
  'module' => 
  array (
    0 => 'admin',
    1 => 'Index',
    2 => 'images',
  ),
)
[ info ] [ HEADER ] array (
  'host' => '127.0.0.1',
  'connection' => 'keep-alive',
  'pragma' => 'no-cache',
  'cache-control' => 'no-cache',
  'user-agent' => 'Mozilla/5.0 (Windows NT 10.0; WOW64) AppleWebKit/537.36 (KHTML, like Gecko) Chrome/63.0.3239.132 Safari/537.36',
  'accept' => 'image/webp,image/apng,image/*,*/*;q=0.8',
  'referer' => 'http://127.0.0.1/ptcznweb/public/admin.php/Index/index.html',
  'accept-encoding' => 'gzip, deflate, br',
  'accept-language' => 'zh-CN,zh;q=0.9,en;q=0.8',
  'cookie' => 'Hm_lvt_b393d153aeb26b46e9431fabaf0f6190=1521168836; PHPSESSID=lm2akm6euk60ghu7sqjl9jd3a4',
)
[ info ] [ PARAM ] array (
)
[ info ] [ LOG ] INIT File
---------------------------------------------------------------
[ 2018-03-23T00:07:59+08:00 ] 127.0.0.1 GET /ptcznweb/public/admin.php/Index/js/bodyTab.js
[ info ] 127.0.0.1/ptcznweb/public/admin.php/Index/js/bodyTab.js [运行时间：0.052424s][吞吐率：19.08req/s] [内存消耗：2,977.27kb] [文件加载：48]
[ info ] [ LANG ] C:\wamp64\www\ptcznweb\thinkphp\lang\zh-cn.php
[ info ] [ BIND ] 'admin'
[ info ] [ ROUTE ] array (
  'type' => 'module',
  'module' => 
  array (
    0 => 'admin',
    1 => 'Index',
    2 => 'js',
  ),
)
[ info ] [ HEADER ] array (
  'host' => '127.0.0.1',
  'connection' => 'keep-alive',
  'pragma' => 'no-cache',
  'cache-control' => 'no-cache',
  'user-agent' => 'Mozilla/5.0 (Windows NT 10.0; WOW64) AppleWebKit/537.36 (KHTML, like Gecko) Chrome/63.0.3239.132 Safari/537.36',
  'accept' => '*/*',
  'referer' => 'http://127.0.0.1/ptcznweb/public/admin.php/Index/index.html',
  'accept-encoding' => 'gzip, deflate, br',
  'accept-language' => 'zh-CN,zh;q=0.9,en;q=0.8',
  'cookie' => 'Hm_lvt_b393d153aeb26b46e9431fabaf0f6190=1521168836; PHPSESSID=lm2akm6euk60ghu7sqjl9jd3a4',
)
[ info ] [ PARAM ] array (
)
[ info ] [ LOG ] INIT File
---------------------------------------------------------------
[ 2018-03-23T00:07:59+08:00 ] 127.0.0.1 GET /ptcznweb/public/admin.php/index/newslist.html
[ info ] 127.0.0.1/ptcznweb/public/admin.php/index/newslist.html [运行时间：0.166000s][吞吐率：6.02req/s] [内存消耗：4,495.99kb] [文件加载：56]
[ info ] [ LANG ] C:\wamp64\www\ptcznweb\thinkphp\lang\zh-cn.php
[ info ] [ BIND ] 'admin'
[ info ] [ ROUTE ] array (
  'type' => 'module',
  'module' => 
  array (
    0 => 'admin',
    1 => 'index',
    2 => 'newslist',
  ),
)
[ info ] [ HEADER ] array (
  'host' => '127.0.0.1',
  'connection' => 'keep-alive',
  'pragma' => 'no-cache',
  'cache-control' => 'no-cache',
  'upgrade-insecure-requests' => '1',
  'user-agent' => 'Mozilla/5.0 (Windows NT 10.0; WOW64) AppleWebKit/537.36 (KHTML, like Gecko) Chrome/63.0.3239.132 Safari/537.36',
  'accept' => 'text/html,application/xhtml+xml,application/xml;q=0.9,image/webp,image/apng,*/*;q=0.8',
  'referer' => 'http://127.0.0.1/ptcznweb/public/admin.php/Index/index.html',
  'accept-encoding' => 'gzip, deflate, br',
  'accept-language' => 'zh-CN,zh;q=0.9,en;q=0.8',
  'cookie' => 'Hm_lvt_b393d153aeb26b46e9431fabaf0f6190=1521168836; PHPSESSID=lm2akm6euk60ghu7sqjl9jd3a4',
)
[ info ] [ PARAM ] array (
)
[ info ] [ RUN ] app\admin\controller\Index->newslist[ C:\wamp64\www\ptcznweb\application\admin\controller\Index.php ]
[ info ] [ DB ] INIT mysql
[ info ] [ VIEW ] C:\wamp64\www\ptcznweb\public/../application/admin\view\index\newslist.html [ array (
  0 => 'page',
  1 => 'list',
) ]
[ info ] [ LOG ] INIT File
[ sql ] [ DB ] CONNECT:[ UseTime:0.029206s ] mysql:host=211.159.169.104;port=3306;dbname=ptcznweb;charset=utf8
[ sql ] [ SQL ] SHOW COLUMNS FROM `news` [ RunTime:0.016701s ]
[ sql ] [ SQL ] SELECT COUNT(*) AS tp_count FROM `news` LIMIT 1 [ RunTime:0.027580s ]
[ sql ] [ SQL ] SELECT `id`,`title`,`abstract`,`cre_time`,`author`,`newstype`,`newsopen`,`import` FROM `news` ORDER BY `id`  desc LIMIT 0,5 [ RunTime:0.019786s ]
---------------------------------------------------------------
[ 2018-03-23T00:07:59+08:00 ] 127.0.0.1 GET /ptcznweb/public/json/newsList.json
[ info ] 127.0.0.1/ptcznweb/public/json/newsList.json [运行时间：0.031571s][吞吐率：31.67req/s] [内存消耗：2,425.38kb] [文件加载：39]
[ info ] [ LANG ] C:\wamp64\www\ptcznweb\thinkphp\lang\zh-cn.php
[ info ] [ BIND ] 'index'
[ info ] [ ROUTE ] array (
  'type' => 'module',
  'module' => 
  array (
    0 => 'index',
    1 => 'json',
    2 => 'newsList.json',
  ),
)
[ info ] [ HEADER ] array (
  'host' => '127.0.0.1',
  'connection' => 'keep-alive',
  'accept' => '*/*',
  'x-requested-with' => 'XMLHttpRequest',
  'user-agent' => 'Mozilla/5.0 (Windows NT 10.0; WOW64) AppleWebKit/537.36 (KHTML, like Gecko) Chrome/63.0.3239.132 Safari/537.36',
  'referer' => 'http://127.0.0.1/ptcznweb/public/admin.php/index/newslist.html',
  'accept-encoding' => 'gzip, deflate, br',
  'accept-language' => 'zh-CN,zh;q=0.9,en;q=0.8',
  'cookie' => 'Hm_lvt_b393d153aeb26b46e9431fabaf0f6190=1521168836; PHPSESSID=lm2akm6euk60ghu7sqjl9jd3a4',
)
[ info ] [ PARAM ] array (
)
[ info ] [ LOG ] INIT File
---------------------------------------------------------------
[ 2018-03-23T00:07:59+08:00 ] 127.0.0.1 GET /ptcznweb/public/admin.php/Index/favicon.ico
[ info ] 127.0.0.1/ptcznweb/public/admin.php/Index/favicon.ico [运行时间：0.045183s][吞吐率：22.13req/s] [内存消耗：2,977.67kb] [文件加载：48]
[ info ] [ LANG ] C:\wamp64\www\ptcznweb\thinkphp\lang\zh-cn.php
[ info ] [ BIND ] 'admin'
[ info ] [ ROUTE ] array (
  'type' => 'module',
  'module' => 
  array (
    0 => 'admin',
    1 => 'Index',
    2 => 'favicon.ico',
  ),
)
[ info ] [ HEADER ] array (
  'host' => '127.0.0.1',
  'connection' => 'keep-alive',
  'pragma' => 'no-cache',
  'cache-control' => 'no-cache',
  'user-agent' => 'Mozilla/5.0 (Windows NT 10.0; WOW64) AppleWebKit/537.36 (KHTML, like Gecko) Chrome/63.0.3239.132 Safari/537.36',
  'accept' => 'image/webp,image/apng,image/*,*/*;q=0.8',
  'referer' => 'http://127.0.0.1/ptcznweb/public/admin.php/Index/index.html',
  'accept-encoding' => 'gzip, deflate, br',
  'accept-language' => 'zh-CN,zh;q=0.9,en;q=0.8',
  'cookie' => 'Hm_lvt_b393d153aeb26b46e9431fabaf0f6190=1521168836; PHPSESSID=lm2akm6euk60ghu7sqjl9jd3a4',
)
[ info ] [ PARAM ] array (
)
[ info ] [ LOG ] INIT File
---------------------------------------------------------------
[ 2018-03-23T00:08:01+08:00 ] 127.0.0.1 GET /ptcznweb/public/admin.php/index/newsedit.html?id=13
[ info ] 127.0.0.1/ptcznweb/public/admin.php/index/newsedit.html?id=13 [运行时间：0.068436s][吞吐率：14.61req/s] [内存消耗：3,398.41kb] [文件加载：51]
[ info ] [ LANG ] C:\wamp64\www\ptcznweb\thinkphp\lang\zh-cn.php
[ info ] [ BIND ] 'admin'
[ info ] [ ROUTE ] array (
  'type' => 'module',
  'module' => 
  array (
    0 => 'admin',
    1 => 'index',
    2 => 'newsedit',
  ),
)
[ info ] [ HEADER ] array (
  'host' => '127.0.0.1',
  'connection' => 'keep-alive',
  'upgrade-insecure-requests' => '1',
  'user-agent' => 'Mozilla/5.0 (Windows NT 10.0; WOW64) AppleWebKit/537.36 (KHTML, like Gecko) Chrome/63.0.3239.132 Safari/537.36',
  'accept' => 'text/html,application/xhtml+xml,application/xml;q=0.9,image/webp,image/apng,*/*;q=0.8',
  'referer' => 'http://127.0.0.1/ptcznweb/public/admin.php/index/newslist.html',
  'accept-encoding' => 'gzip, deflate, br',
  'accept-language' => 'zh-CN,zh;q=0.9,en;q=0.8',
  'cookie' => 'Hm_lvt_b393d153aeb26b46e9431fabaf0f6190=1521168836; PHPSESSID=lm2akm6euk60ghu7sqjl9jd3a4',
)
[ info ] [ PARAM ] array (
  'id' => '13',
)
[ info ] [ RUN ] app\admin\controller\Index->newsedit[ C:\wamp64\www\ptcznweb\application\admin\controller\Index.php ]
[ info ] [ DB ] INIT mysql
[ info ] [ VIEW ] C:\wamp64\www\ptcznweb\public/../application/admin\view\index\newsedit.html [ array (
  0 => 'editid',
  1 => 'edit',
  2 => 'newstype',
  3 => 'newsopen',
  4 => 'newsimport',
) ]
[ info ] [ LOG ] INIT File
[ sql ] [ DB ] CONNECT:[ UseTime:0.022981s ] mysql:host=211.159.169.104;port=3306;dbname=ptcznweb;charset=utf8
[ sql ] [ SQL ] select title,abstract,author,content,newstype,newsopen,import from news where id='13' [ RunTime:0.015659s ]
---------------------------------------------------------------
[ 2018-03-23T00:08:03+08:00 ] 127.0.0.1 POST /ptcznweb/public/admin.php/index/newsedit.html?id=13
[ info ] 127.0.0.1/ptcznweb/public/admin.php/index/newsedit.html?id=13 [运行时间：0.101959s][吞吐率：9.81req/s] [内存消耗：3,399.16kb] [文件加载：51]
[ info ] [ LANG ] C:\wamp64\www\ptcznweb\thinkphp\lang\zh-cn.php
[ info ] [ BIND ] 'admin'
[ info ] [ ROUTE ] array (
  'type' => 'module',
  'module' => 
  array (
    0 => 'admin',
    1 => 'index',
    2 => 'newsedit',
  ),
)
[ info ] [ HEADER ] array (
  'host' => '127.0.0.1',
  'connection' => 'keep-alive',
  'content-length' => '203297',
  'cache-control' => 'max-age=0',
  'origin' => 'http://127.0.0.1',
  'upgrade-insecure-requests' => '1',
  'content-type' => 'multipart/form-data; boundary=----WebKitFormBoundaryCkRJA6kSrSNdMPjP',
  'user-agent' => 'Mozilla/5.0 (Windows NT 10.0; WOW64) AppleWebKit/537.36 (KHTML, like Gecko) Chrome/63.0.3239.132 Safari/537.36',
  'accept' => 'text/html,application/xhtml+xml,application/xml;q=0.9,image/webp,image/apng,*/*;q=0.8',
  'referer' => 'http://127.0.0.1/ptcznweb/public/admin.php/index/newsedit.html?id=13',
  'accept-encoding' => 'gzip, deflate, br',
  'accept-language' => 'zh-CN,zh;q=0.9,en;q=0.8',
  'cookie' => 'Hm_lvt_b393d153aeb26b46e9431fabaf0f6190=1521168836; PHPSESSID=lm2akm6euk60ghu7sqjl9jd3a4',
)
[ info ] [ PARAM ] array (
  'id' => '13',
)
[ info ] [ RUN ] app\admin\controller\Index->newsedit[ C:\wamp64\www\ptcznweb\application\admin\controller\Index.php ]
[ info ] [ DB ] INIT mysql
[ info ] [ VIEW ] C:\wamp64\www\ptcznweb\public/../application/admin\view\index\newsedit.html [ array (
  0 => 'editid',
  1 => 'edit',
  2 => 'newstype',
  3 => 'newsopen',
  4 => 'newsimport',
) ]
[ info ] [ LOG ] INIT File
[ sql ] [ DB ] CONNECT:[ UseTime:0.027206s ] mysql:host=211.159.169.104;port=3306;dbname=ptcznweb;charset=utf8
[ sql ] [ SQL ] select title,abstract,author,content,newstype,newsopen,import from news where id='13' [ RunTime:0.017273s ]
---------------------------------------------------------------
[ 2018-03-23T00:08:40+08:00 ] 127.0.0.1 GET /ptcznweb/public/admin.php/Index/index.html
[ info ] 127.0.0.1/ptcznweb/public/admin.php/Index/index.html [运行时间：0.034011s][吞吐率：29.40req/s] [内存消耗：3,013.69kb] [文件加载：47]
[ info ] [ LANG ] C:\wamp64\www\ptcznweb\thinkphp\lang\zh-cn.php
[ info ] [ BIND ] 'admin'
[ info ] [ ROUTE ] array (
  'type' => 'module',
  'module' => 
  array (
    0 => 'admin',
    1 => 'Index',
    2 => 'index',
  ),
)
[ info ] [ HEADER ] array (
  'host' => '127.0.0.1',
  'connection' => 'keep-alive',
  'pragma' => 'no-cache',
  'cache-control' => 'no-cache',
  'user-agent' => 'Mozilla/5.0 (Windows NT 10.0; WOW64) AppleWebKit/537.36 (KHTML, like Gecko) Chrome/63.0.3239.132 Safari/537.36',
  'upgrade-insecure-requests' => '1',
  'accept' => 'text/html,application/xhtml+xml,application/xml;q=0.9,image/webp,image/apng,*/*;q=0.8',
  'referer' => 'http://127.0.0.1/ptcznweb/public/admin.php/login/denglu.html',
  'accept-encoding' => 'gzip, deflate, br',
  'accept-language' => 'zh-CN,zh;q=0.9,en;q=0.8',
  'cookie' => 'Hm_lvt_b393d153aeb26b46e9431fabaf0f6190=1521168836; PHPSESSID=lm2akm6euk60ghu7sqjl9jd3a4',
)
[ info ] [ PARAM ] array (
)
[ info ] [ RUN ] app\admin\controller\Index->index[ C:\wamp64\www\ptcznweb\application\admin\controller\Index.php ]
[ info ] [ VIEW ] C:\wamp64\www\ptcznweb\public/../application/admin\view\index\index.html [ array (
) ]
[ info ] [ LOG ] INIT File
---------------------------------------------------------------
[ 2018-03-23T00:08:40+08:00 ] 127.0.0.1 GET /ptcznweb/public/admin.php/Index/images/face.jpg
[ info ] 127.0.0.1/ptcznweb/public/admin.php/Index/images/face.jpg [运行时间：0.043498s][吞吐率：22.99req/s] [内存消耗：2,977.52kb] [文件加载：48]
[ info ] [ LANG ] C:\wamp64\www\ptcznweb\thinkphp\lang\zh-cn.php
[ info ] [ BIND ] 'admin'
[ info ] [ ROUTE ] array (
  'type' => 'module',
  'module' => 
  array (
    0 => 'admin',
    1 => 'Index',
    2 => 'images',
  ),
)
[ info ] [ HEADER ] array (
  'host' => '127.0.0.1',
  'connection' => 'keep-alive',
  'pragma' => 'no-cache',
  'cache-control' => 'no-cache',
  'user-agent' => 'Mozilla/5.0 (Windows NT 10.0; WOW64) AppleWebKit/537.36 (KHTML, like Gecko) Chrome/63.0.3239.132 Safari/537.36',
  'accept' => 'image/webp,image/apng,image/*,*/*;q=0.8',
  'referer' => 'http://127.0.0.1/ptcznweb/public/admin.php/Index/index.html',
  'accept-encoding' => 'gzip, deflate, br',
  'accept-language' => 'zh-CN,zh;q=0.9,en;q=0.8',
  'cookie' => 'Hm_lvt_b393d153aeb26b46e9431fabaf0f6190=1521168836; PHPSESSID=lm2akm6euk60ghu7sqjl9jd3a4',
)
[ info ] [ PARAM ] array (
)
[ info ] [ LOG ] INIT File
---------------------------------------------------------------
[ 2018-03-23T00:08:41+08:00 ] 127.0.0.1 GET /ptcznweb/public/admin.php/Index/js/bodyTab.js
[ info ] 127.0.0.1/ptcznweb/public/admin.php/Index/js/bodyTab.js [运行时间：0.052035s][吞吐率：19.22req/s] [内存消耗：2,977.27kb] [文件加载：48]
[ info ] [ LANG ] C:\wamp64\www\ptcznweb\thinkphp\lang\zh-cn.php
[ info ] [ BIND ] 'admin'
[ info ] [ ROUTE ] array (
  'type' => 'module',
  'module' => 
  array (
    0 => 'admin',
    1 => 'Index',
    2 => 'js',
  ),
)
[ info ] [ HEADER ] array (
  'host' => '127.0.0.1',
  'connection' => 'keep-alive',
  'pragma' => 'no-cache',
  'cache-control' => 'no-cache',
  'user-agent' => 'Mozilla/5.0 (Windows NT 10.0; WOW64) AppleWebKit/537.36 (KHTML, like Gecko) Chrome/63.0.3239.132 Safari/537.36',
  'accept' => '*/*',
  'referer' => 'http://127.0.0.1/ptcznweb/public/admin.php/Index/index.html',
  'accept-encoding' => 'gzip, deflate, br',
  'accept-language' => 'zh-CN,zh;q=0.9,en;q=0.8',
  'cookie' => 'Hm_lvt_b393d153aeb26b46e9431fabaf0f6190=1521168836; PHPSESSID=lm2akm6euk60ghu7sqjl9jd3a4',
)
[ info ] [ PARAM ] array (
)
[ info ] [ LOG ] INIT File
---------------------------------------------------------------
[ 2018-03-23T00:08:41+08:00 ] 127.0.0.1 GET /ptcznweb/public/admin.php/index/newslist.html
[ info ] 127.0.0.1/ptcznweb/public/admin.php/index/newslist.html [运行时间：0.151071s][吞吐率：6.62req/s] [内存消耗：4,495.99kb] [文件加载：56]
[ info ] [ LANG ] C:\wamp64\www\ptcznweb\thinkphp\lang\zh-cn.php
[ info ] [ BIND ] 'admin'
[ info ] [ ROUTE ] array (
  'type' => 'module',
  'module' => 
  array (
    0 => 'admin',
    1 => 'index',
    2 => 'newslist',
  ),
)
[ info ] [ HEADER ] array (
  'host' => '127.0.0.1',
  'connection' => 'keep-alive',
  'pragma' => 'no-cache',
  'cache-control' => 'no-cache',
  'upgrade-insecure-requests' => '1',
  'user-agent' => 'Mozilla/5.0 (Windows NT 10.0; WOW64) AppleWebKit/537.36 (KHTML, like Gecko) Chrome/63.0.3239.132 Safari/537.36',
  'accept' => 'text/html,application/xhtml+xml,application/xml;q=0.9,image/webp,image/apng,*/*;q=0.8',
  'referer' => 'http://127.0.0.1/ptcznweb/public/admin.php/Index/index.html',
  'accept-encoding' => 'gzip, deflate, br',
  'accept-language' => 'zh-CN,zh;q=0.9,en;q=0.8',
  'cookie' => 'Hm_lvt_b393d153aeb26b46e9431fabaf0f6190=1521168836; PHPSESSID=lm2akm6euk60ghu7sqjl9jd3a4',
)
[ info ] [ PARAM ] array (
)
[ info ] [ RUN ] app\admin\controller\Index->newslist[ C:\wamp64\www\ptcznweb\application\admin\controller\Index.php ]
[ info ] [ DB ] INIT mysql
[ info ] [ VIEW ] C:\wamp64\www\ptcznweb\public/../application/admin\view\index\newslist.html [ array (
  0 => 'page',
  1 => 'list',
) ]
[ info ] [ LOG ] INIT File
[ sql ] [ DB ] CONNECT:[ UseTime:0.025523s ] mysql:host=211.159.169.104;port=3306;dbname=ptcznweb;charset=utf8
[ sql ] [ SQL ] SHOW COLUMNS FROM `news` [ RunTime:0.021210s ]
[ sql ] [ SQL ] SELECT COUNT(*) AS tp_count FROM `news` LIMIT 1 [ RunTime:0.022468s ]
[ sql ] [ SQL ] SELECT `id`,`title`,`abstract`,`cre_time`,`author`,`newstype`,`newsopen`,`import` FROM `news` ORDER BY `id`  desc LIMIT 0,5 [ RunTime:0.016749s ]
---------------------------------------------------------------
[ 2018-03-23T00:08:41+08:00 ] 127.0.0.1 GET /ptcznweb/public/admin.php/Index/favicon.ico
[ info ] 127.0.0.1/ptcznweb/public/admin.php/Index/favicon.ico [运行时间：0.046307s][吞吐率：21.59req/s] [内存消耗：2,977.67kb] [文件加载：48]
[ info ] [ LANG ] C:\wamp64\www\ptcznweb\thinkphp\lang\zh-cn.php
[ info ] [ BIND ] 'admin'
[ info ] [ ROUTE ] array (
  'type' => 'module',
  'module' => 
  array (
    0 => 'admin',
    1 => 'Index',
    2 => 'favicon.ico',
  ),
)
[ info ] [ HEADER ] array (
  'host' => '127.0.0.1',
  'connection' => 'keep-alive',
  'pragma' => 'no-cache',
  'cache-control' => 'no-cache',
  'user-agent' => 'Mozilla/5.0 (Windows NT 10.0; WOW64) AppleWebKit/537.36 (KHTML, like Gecko) Chrome/63.0.3239.132 Safari/537.36',
  'accept' => 'image/webp,image/apng,image/*,*/*;q=0.8',
  'referer' => 'http://127.0.0.1/ptcznweb/public/admin.php/Index/index.html',
  'accept-encoding' => 'gzip, deflate, br',
  'accept-language' => 'zh-CN,zh;q=0.9,en;q=0.8',
  'cookie' => 'Hm_lvt_b393d153aeb26b46e9431fabaf0f6190=1521168836; PHPSESSID=lm2akm6euk60ghu7sqjl9jd3a4',
)
[ info ] [ PARAM ] array (
)
[ info ] [ LOG ] INIT File
---------------------------------------------------------------
[ 2018-03-23T00:08:41+08:00 ] 127.0.0.1 GET /ptcznweb/public/json/newsList.json
[ info ] 127.0.0.1/ptcznweb/public/json/newsList.json [运行时间：0.044244s][吞吐率：22.60req/s] [内存消耗：2,425.38kb] [文件加载：39]
[ info ] [ LANG ] C:\wamp64\www\ptcznweb\thinkphp\lang\zh-cn.php
[ info ] [ BIND ] 'index'
[ info ] [ ROUTE ] array (
  'type' => 'module',
  'module' => 
  array (
    0 => 'index',
    1 => 'json',
    2 => 'newsList.json',
  ),
)
[ info ] [ HEADER ] array (
  'host' => '127.0.0.1',
  'connection' => 'keep-alive',
  'accept' => '*/*',
  'x-requested-with' => 'XMLHttpRequest',
  'user-agent' => 'Mozilla/5.0 (Windows NT 10.0; WOW64) AppleWebKit/537.36 (KHTML, like Gecko) Chrome/63.0.3239.132 Safari/537.36',
  'referer' => 'http://127.0.0.1/ptcznweb/public/admin.php/index/newslist.html',
  'accept-encoding' => 'gzip, deflate, br',
  'accept-language' => 'zh-CN,zh;q=0.9,en;q=0.8',
  'cookie' => 'Hm_lvt_b393d153aeb26b46e9431fabaf0f6190=1521168836; PHPSESSID=lm2akm6euk60ghu7sqjl9jd3a4',
)
[ info ] [ PARAM ] array (
)
[ info ] [ LOG ] INIT File
---------------------------------------------------------------
[ 2018-03-23T00:08:43+08:00 ] 127.0.0.1 GET /ptcznweb/public/admin.php/index/newsedit.html?id=13
[ info ] 127.0.0.1/ptcznweb/public/admin.php/index/newsedit.html?id=13 [运行时间：0.075347s][吞吐率：13.27req/s] [内存消耗：3,398.41kb] [文件加载：51]
[ info ] [ LANG ] C:\wamp64\www\ptcznweb\thinkphp\lang\zh-cn.php
[ info ] [ BIND ] 'admin'
[ info ] [ ROUTE ] array (
  'type' => 'module',
  'module' => 
  array (
    0 => 'admin',
    1 => 'index',
    2 => 'newsedit',
  ),
)
[ info ] [ HEADER ] array (
  'host' => '127.0.0.1',
  'connection' => 'keep-alive',
  'upgrade-insecure-requests' => '1',
  'user-agent' => 'Mozilla/5.0 (Windows NT 10.0; WOW64) AppleWebKit/537.36 (KHTML, like Gecko) Chrome/63.0.3239.132 Safari/537.36',
  'accept' => 'text/html,application/xhtml+xml,application/xml;q=0.9,image/webp,image/apng,*/*;q=0.8',
  'referer' => 'http://127.0.0.1/ptcznweb/public/admin.php/index/newslist.html',
  'accept-encoding' => 'gzip, deflate, br',
  'accept-language' => 'zh-CN,zh;q=0.9,en;q=0.8',
  'cookie' => 'Hm_lvt_b393d153aeb26b46e9431fabaf0f6190=1521168836; PHPSESSID=lm2akm6euk60ghu7sqjl9jd3a4',
)
[ info ] [ PARAM ] array (
  'id' => '13',
)
[ info ] [ RUN ] app\admin\controller\Index->newsedit[ C:\wamp64\www\ptcznweb\application\admin\controller\Index.php ]
[ info ] [ DB ] INIT mysql
[ info ] [ VIEW ] C:\wamp64\www\ptcznweb\public/../application/admin\view\index\newsedit.html [ array (
  0 => 'editid',
  1 => 'edit',
  2 => 'newstype',
  3 => 'newsopen',
  4 => 'newsimport',
) ]
[ info ] [ LOG ] INIT File
[ sql ] [ DB ] CONNECT:[ UseTime:0.025343s ] mysql:host=211.159.169.104;port=3306;dbname=ptcznweb;charset=utf8
[ sql ] [ SQL ] select title,abstract,author,content,newstype,newsopen,import from news where id='13' [ RunTime:0.015762s ]
---------------------------------------------------------------
[ 2018-03-23T00:08:46+08:00 ] 127.0.0.1 POST /ptcznweb/public/admin.php/index/newsedit.html?id=13
[ info ] 127.0.0.1/ptcznweb/public/admin.php/index/newsedit.html?id=13 [运行时间：0.085303s][吞吐率：11.72req/s] [内存消耗：3,399.16kb] [文件加载：51]
[ info ] [ LANG ] C:\wamp64\www\ptcznweb\thinkphp\lang\zh-cn.php
[ info ] [ BIND ] 'admin'
[ info ] [ ROUTE ] array (
  'type' => 'module',
  'module' => 
  array (
    0 => 'admin',
    1 => 'index',
    2 => 'newsedit',
  ),
)
[ info ] [ HEADER ] array (
  'host' => '127.0.0.1',
  'connection' => 'keep-alive',
  'content-length' => '203297',
  'cache-control' => 'max-age=0',
  'origin' => 'http://127.0.0.1',
  'upgrade-insecure-requests' => '1',
  'content-type' => 'multipart/form-data; boundary=----WebKitFormBoundarysMbubYABxswVkiBp',
  'user-agent' => 'Mozilla/5.0 (Windows NT 10.0; WOW64) AppleWebKit/537.36 (KHTML, like Gecko) Chrome/63.0.3239.132 Safari/537.36',
  'accept' => 'text/html,application/xhtml+xml,application/xml;q=0.9,image/webp,image/apng,*/*;q=0.8',
  'referer' => 'http://127.0.0.1/ptcznweb/public/admin.php/index/newsedit.html?id=13',
  'accept-encoding' => 'gzip, deflate, br',
  'accept-language' => 'zh-CN,zh;q=0.9,en;q=0.8',
  'cookie' => 'Hm_lvt_b393d153aeb26b46e9431fabaf0f6190=1521168836; PHPSESSID=lm2akm6euk60ghu7sqjl9jd3a4',
)
[ info ] [ PARAM ] array (
  'id' => '13',
)
[ info ] [ RUN ] app\admin\controller\Index->newsedit[ C:\wamp64\www\ptcznweb\application\admin\controller\Index.php ]
[ info ] [ DB ] INIT mysql
[ info ] [ VIEW ] C:\wamp64\www\ptcznweb\public/../application/admin\view\index\newsedit.html [ array (
  0 => 'editid',
  1 => 'edit',
  2 => 'newstype',
  3 => 'newsopen',
  4 => 'newsimport',
) ]
[ info ] [ LOG ] INIT File
[ sql ] [ DB ] CONNECT:[ UseTime:0.027575s ] mysql:host=211.159.169.104;port=3306;dbname=ptcznweb;charset=utf8
[ sql ] [ SQL ] select title,abstract,author,content,newstype,newsopen,import from news where id='13' [ RunTime:0.017058s ]
---------------------------------------------------------------
[ 2018-03-23T00:10:15+08:00 ] 127.0.0.1 GET /ptcznweb/public/admin.php/Index/index.html
[ info ] 127.0.0.1/ptcznweb/public/admin.php/Index/index.html [运行时间：0.033648s][吞吐率：29.72req/s] [内存消耗：3,014.05kb] [文件加载：47]
[ info ] [ LANG ] C:\wamp64\www\ptcznweb\thinkphp\lang\zh-cn.php
[ info ] [ BIND ] 'admin'
[ info ] [ ROUTE ] array (
  'type' => 'module',
  'module' => 
  array (
    0 => 'admin',
    1 => 'Index',
    2 => 'index',
  ),
)
[ info ] [ HEADER ] array (
  'host' => '127.0.0.1',
  'connection' => 'keep-alive',
  'pragma' => 'no-cache',
  'cache-control' => 'no-cache',
  'user-agent' => 'Mozilla/5.0 (Windows NT 10.0; WOW64) AppleWebKit/537.36 (KHTML, like Gecko) Chrome/63.0.3239.132 Safari/537.36',
  'upgrade-insecure-requests' => '1',
  'accept' => 'text/html,application/xhtml+xml,application/xml;q=0.9,image/webp,image/apng,*/*;q=0.8',
  'referer' => 'http://127.0.0.1/ptcznweb/public/admin.php/login/denglu.html',
  'accept-encoding' => 'gzip, deflate, br',
  'accept-language' => 'zh-CN,zh;q=0.9,en;q=0.8',
  'cookie' => 'Hm_lvt_b393d153aeb26b46e9431fabaf0f6190=1521168836; PHPSESSID=lm2akm6euk60ghu7sqjl9jd3a4',
)
[ info ] [ PARAM ] array (
)
[ info ] [ RUN ] app\admin\controller\Index->index[ C:\wamp64\www\ptcznweb\application\admin\controller\Index.php ]
[ info ] [ VIEW ] C:\wamp64\www\ptcznweb\public/../application/admin\view\index\index.html [ array (
) ]
[ info ] [ LOG ] INIT File
---------------------------------------------------------------
[ 2018-03-23T00:10:15+08:00 ] 127.0.0.1 GET /ptcznweb/public/admin.php/Index/images/face.jpg
[ info ] 127.0.0.1/ptcznweb/public/admin.php/Index/images/face.jpg [运行时间：0.051238s][吞吐率：19.52req/s] [内存消耗：2,978.06kb] [文件加载：48]
[ info ] [ LANG ] C:\wamp64\www\ptcznweb\thinkphp\lang\zh-cn.php
[ info ] [ BIND ] 'admin'
[ info ] [ ROUTE ] array (
  'type' => 'module',
  'module' => 
  array (
    0 => 'admin',
    1 => 'Index',
    2 => 'images',
  ),
)
[ info ] [ HEADER ] array (
  'host' => '127.0.0.1',
  'connection' => 'keep-alive',
  'pragma' => 'no-cache',
  'cache-control' => 'no-cache',
  'user-agent' => 'Mozilla/5.0 (Windows NT 10.0; WOW64) AppleWebKit/537.36 (KHTML, like Gecko) Chrome/63.0.3239.132 Safari/537.36',
  'accept' => 'image/webp,image/apng,image/*,*/*;q=0.8',
  'referer' => 'http://127.0.0.1/ptcznweb/public/admin.php/Index/index.html',
  'accept-encoding' => 'gzip, deflate, br',
  'accept-language' => 'zh-CN,zh;q=0.9,en;q=0.8',
  'cookie' => 'Hm_lvt_b393d153aeb26b46e9431fabaf0f6190=1521168836; PHPSESSID=lm2akm6euk60ghu7sqjl9jd3a4',
)
[ info ] [ PARAM ] array (
)
[ info ] [ LOG ] INIT File
---------------------------------------------------------------
[ 2018-03-23T00:10:15+08:00 ] 127.0.0.1 GET /ptcznweb/public/admin.php/Index/js/bodyTab.js
[ info ] 127.0.0.1/ptcznweb/public/admin.php/Index/js/bodyTab.js [运行时间：0.048497s][吞吐率：20.62req/s] [内存消耗：2,977.89kb] [文件加载：48]
[ info ] [ LANG ] C:\wamp64\www\ptcznweb\thinkphp\lang\zh-cn.php
[ info ] [ BIND ] 'admin'
[ info ] [ ROUTE ] array (
  'type' => 'module',
  'module' => 
  array (
    0 => 'admin',
    1 => 'Index',
    2 => 'js',
  ),
)
[ info ] [ HEADER ] array (
  'host' => '127.0.0.1',
  'connection' => 'keep-alive',
  'pragma' => 'no-cache',
  'cache-control' => 'no-cache',
  'user-agent' => 'Mozilla/5.0 (Windows NT 10.0; WOW64) AppleWebKit/537.36 (KHTML, like Gecko) Chrome/63.0.3239.132 Safari/537.36',
  'accept' => '*/*',
  'referer' => 'http://127.0.0.1/ptcznweb/public/admin.php/Index/index.html',
  'accept-encoding' => 'gzip, deflate, br',
  'accept-language' => 'zh-CN,zh;q=0.9,en;q=0.8',
  'cookie' => 'Hm_lvt_b393d153aeb26b46e9431fabaf0f6190=1521168836; PHPSESSID=lm2akm6euk60ghu7sqjl9jd3a4',
)
[ info ] [ PARAM ] array (
)
[ info ] [ LOG ] INIT File
---------------------------------------------------------------
[ 2018-03-23T00:10:15+08:00 ] 127.0.0.1 GET /ptcznweb/public/admin.php/index/newslist.html
[ info ] 127.0.0.1/ptcznweb/public/admin.php/index/newslist.html [运行时间：0.154548s][吞吐率：6.47req/s] [内存消耗：4,496.56kb] [文件加载：56]
[ info ] [ LANG ] C:\wamp64\www\ptcznweb\thinkphp\lang\zh-cn.php
[ info ] [ BIND ] 'admin'
[ info ] [ ROUTE ] array (
  'type' => 'module',
  'module' => 
  array (
    0 => 'admin',
    1 => 'index',
    2 => 'newslist',
  ),
)
[ info ] [ HEADER ] array (
  'host' => '127.0.0.1',
  'connection' => 'keep-alive',
  'pragma' => 'no-cache',
  'cache-control' => 'no-cache',
  'upgrade-insecure-requests' => '1',
  'user-agent' => 'Mozilla/5.0 (Windows NT 10.0; WOW64) AppleWebKit/537.36 (KHTML, like Gecko) Chrome/63.0.3239.132 Safari/537.36',
  'accept' => 'text/html,application/xhtml+xml,application/xml;q=0.9,image/webp,image/apng,*/*;q=0.8',
  'referer' => 'http://127.0.0.1/ptcznweb/public/admin.php/Index/index.html',
  'accept-encoding' => 'gzip, deflate, br',
  'accept-language' => 'zh-CN,zh;q=0.9,en;q=0.8',
  'cookie' => 'Hm_lvt_b393d153aeb26b46e9431fabaf0f6190=1521168836; PHPSESSID=lm2akm6euk60ghu7sqjl9jd3a4',
)
[ info ] [ PARAM ] array (
)
[ info ] [ RUN ] app\admin\controller\Index->newslist[ C:\wamp64\www\ptcznweb\application\admin\controller\Index.php ]
[ info ] [ DB ] INIT mysql
[ info ] [ VIEW ] C:\wamp64\www\ptcznweb\public/../application/admin\view\index\newslist.html [ array (
  0 => 'page',
  1 => 'list',
) ]
[ info ] [ LOG ] INIT File
[ sql ] [ DB ] CONNECT:[ UseTime:0.021774s ] mysql:host=211.159.169.104;port=3306;dbname=ptcznweb;charset=utf8
[ sql ] [ SQL ] SHOW COLUMNS FROM `news` [ RunTime:0.021901s ]
[ sql ] [ SQL ] SELECT COUNT(*) AS tp_count FROM `news` LIMIT 1 [ RunTime:0.025838s ]
[ sql ] [ SQL ] SELECT `id`,`title`,`abstract`,`cre_time`,`author`,`newstype`,`newsopen`,`import` FROM `news` ORDER BY `id`  desc LIMIT 0,5 [ RunTime:0.022917s ]
---------------------------------------------------------------
[ 2018-03-23T00:10:15+08:00 ] 127.0.0.1 GET /ptcznweb/public/json/newsList.json
[ info ] 127.0.0.1/ptcznweb/public/json/newsList.json [运行时间：0.032876s][吞吐率：30.42req/s] [内存消耗：2,425.38kb] [文件加载：39]
[ info ] [ LANG ] C:\wamp64\www\ptcznweb\thinkphp\lang\zh-cn.php
[ info ] [ BIND ] 'index'
[ info ] [ ROUTE ] array (
  'type' => 'module',
  'module' => 
  array (
    0 => 'index',
    1 => 'json',
    2 => 'newsList.json',
  ),
)
[ info ] [ HEADER ] array (
  'host' => '127.0.0.1',
  'connection' => 'keep-alive',
  'accept' => '*/*',
  'x-requested-with' => 'XMLHttpRequest',
  'user-agent' => 'Mozilla/5.0 (Windows NT 10.0; WOW64) AppleWebKit/537.36 (KHTML, like Gecko) Chrome/63.0.3239.132 Safari/537.36',
  'referer' => 'http://127.0.0.1/ptcznweb/public/admin.php/index/newslist.html',
  'accept-encoding' => 'gzip, deflate, br',
  'accept-language' => 'zh-CN,zh;q=0.9,en;q=0.8',
  'cookie' => 'Hm_lvt_b393d153aeb26b46e9431fabaf0f6190=1521168836; PHPSESSID=lm2akm6euk60ghu7sqjl9jd3a4',
)
[ info ] [ PARAM ] array (
)
[ info ] [ LOG ] INIT File
---------------------------------------------------------------
[ 2018-03-23T00:10:15+08:00 ] 127.0.0.1 GET /ptcznweb/public/admin.php/Index/favicon.ico
[ info ] 127.0.0.1/ptcznweb/public/admin.php/Index/favicon.ico [运行时间：0.050545s][吞吐率：19.78req/s] [内存消耗：2,978.13kb] [文件加载：48]
[ info ] [ LANG ] C:\wamp64\www\ptcznweb\thinkphp\lang\zh-cn.php
[ info ] [ BIND ] 'admin'
[ info ] [ ROUTE ] array (
  'type' => 'module',
  'module' => 
  array (
    0 => 'admin',
    1 => 'Index',
    2 => 'favicon.ico',
  ),
)
[ info ] [ HEADER ] array (
  'host' => '127.0.0.1',
  'connection' => 'keep-alive',
  'pragma' => 'no-cache',
  'cache-control' => 'no-cache',
  'user-agent' => 'Mozilla/5.0 (Windows NT 10.0; WOW64) AppleWebKit/537.36 (KHTML, like Gecko) Chrome/63.0.3239.132 Safari/537.36',
  'accept' => 'image/webp,image/apng,image/*,*/*;q=0.8',
  'referer' => 'http://127.0.0.1/ptcznweb/public/admin.php/Index/index.html',
  'accept-encoding' => 'gzip, deflate, br',
  'accept-language' => 'zh-CN,zh;q=0.9,en;q=0.8',
  'cookie' => 'Hm_lvt_b393d153aeb26b46e9431fabaf0f6190=1521168836; PHPSESSID=lm2akm6euk60ghu7sqjl9jd3a4',
)
[ info ] [ PARAM ] array (
)
[ info ] [ LOG ] INIT File
---------------------------------------------------------------
[ 2018-03-23T00:10:15+08:00 ] 127.0.0.1 GET /ptcznweb/public/admin.php/Index/index.html
[ info ] 127.0.0.1/ptcznweb/public/admin.php/Index/index.html [运行时间：0.030706s][吞吐率：32.57req/s] [内存消耗：3,013.84kb] [文件加载：47]
[ info ] [ LANG ] C:\wamp64\www\ptcznweb\thinkphp\lang\zh-cn.php
[ info ] [ BIND ] 'admin'
[ info ] [ ROUTE ] array (
  'type' => 'module',
  'module' => 
  array (
    0 => 'admin',
    1 => 'Index',
    2 => 'index',
  ),
)
[ info ] [ HEADER ] array (
  'host' => '127.0.0.1',
  'connection' => 'keep-alive',
  'cache-control' => 'max-age=0',
  'user-agent' => 'Mozilla/5.0 (Windows NT 10.0; WOW64) AppleWebKit/537.36 (KHTML, like Gecko) Chrome/63.0.3239.132 Safari/537.36',
  'upgrade-insecure-requests' => '1',
  'accept' => 'text/html,application/xhtml+xml,application/xml;q=0.9,image/webp,image/apng,*/*;q=0.8',
  'referer' => 'http://127.0.0.1/ptcznweb/public/admin.php/login/denglu.html',
  'accept-encoding' => 'gzip, deflate, br',
  'accept-language' => 'zh-CN,zh;q=0.9,en;q=0.8',
  'cookie' => 'Hm_lvt_b393d153aeb26b46e9431fabaf0f6190=1521168836; PHPSESSID=lm2akm6euk60ghu7sqjl9jd3a4',
)
[ info ] [ PARAM ] array (
)
[ info ] [ RUN ] app\admin\controller\Index->index[ C:\wamp64\www\ptcznweb\application\admin\controller\Index.php ]
[ info ] [ VIEW ] C:\wamp64\www\ptcznweb\public/../application/admin\view\index\index.html [ array (
) ]
[ info ] [ LOG ] INIT File
---------------------------------------------------------------
[ 2018-03-23T00:10:16+08:00 ] 127.0.0.1 GET /ptcznweb/public/admin.php/Index/images/face.jpg
[ info ] 127.0.0.1/ptcznweb/public/admin.php/Index/images/face.jpg [运行时间：0.049403s][吞吐率：20.24req/s] [内存消耗：2,977.54kb] [文件加载：48]
[ info ] [ LANG ] C:\wamp64\www\ptcznweb\thinkphp\lang\zh-cn.php
[ info ] [ BIND ] 'admin'
[ info ] [ ROUTE ] array (
  'type' => 'module',
  'module' => 
  array (
    0 => 'admin',
    1 => 'Index',
    2 => 'images',
  ),
)
[ info ] [ HEADER ] array (
  'host' => '127.0.0.1',
  'connection' => 'keep-alive',
  'user-agent' => 'Mozilla/5.0 (Windows NT 10.0; WOW64) AppleWebKit/537.36 (KHTML, like Gecko) Chrome/63.0.3239.132 Safari/537.36',
  'accept' => 'image/webp,image/apng,image/*,*/*;q=0.8',
  'referer' => 'http://127.0.0.1/ptcznweb/public/admin.php/Index/index.html',
  'accept-encoding' => 'gzip, deflate, br',
  'accept-language' => 'zh-CN,zh;q=0.9,en;q=0.8',
  'cookie' => 'Hm_lvt_b393d153aeb26b46e9431fabaf0f6190=1521168836; PHPSESSID=lm2akm6euk60ghu7sqjl9jd3a4',
)
[ info ] [ PARAM ] array (
)
[ info ] [ LOG ] INIT File
---------------------------------------------------------------
[ 2018-03-23T00:10:16+08:00 ] 127.0.0.1 GET /ptcznweb/public/admin.php/Index/js/bodyTab.js
[ info ] 127.0.0.1/ptcznweb/public/admin.php/Index/js/bodyTab.js [运行时间：0.042785s][吞吐率：23.37req/s] [内存消耗：2,977.36kb] [文件加载：48]
[ info ] [ LANG ] C:\wamp64\www\ptcznweb\thinkphp\lang\zh-cn.php
[ info ] [ BIND ] 'admin'
[ info ] [ ROUTE ] array (
  'type' => 'module',
  'module' => 
  array (
    0 => 'admin',
    1 => 'Index',
    2 => 'js',
  ),
)
[ info ] [ HEADER ] array (
  'host' => '127.0.0.1',
  'connection' => 'keep-alive',
  'user-agent' => 'Mozilla/5.0 (Windows NT 10.0; WOW64) AppleWebKit/537.36 (KHTML, like Gecko) Chrome/63.0.3239.132 Safari/537.36',
  'accept' => '*/*',
  'referer' => 'http://127.0.0.1/ptcznweb/public/admin.php/Index/index.html',
  'accept-encoding' => 'gzip, deflate, br',
  'accept-language' => 'zh-CN,zh;q=0.9,en;q=0.8',
  'cookie' => 'Hm_lvt_b393d153aeb26b46e9431fabaf0f6190=1521168836; PHPSESSID=lm2akm6euk60ghu7sqjl9jd3a4',
)
[ info ] [ PARAM ] array (
)
[ info ] [ LOG ] INIT File
---------------------------------------------------------------
[ 2018-03-23T00:10:16+08:00 ] 127.0.0.1 GET /ptcznweb/public/admin.php/index/newslist.html
[ info ] 127.0.0.1/ptcznweb/public/admin.php/index/newslist.html [运行时间：0.169778s][吞吐率：5.89req/s] [内存消耗：4,495.83kb] [文件加载：56]
[ info ] [ LANG ] C:\wamp64\www\ptcznweb\thinkphp\lang\zh-cn.php
[ info ] [ BIND ] 'admin'
[ info ] [ ROUTE ] array (
  'type' => 'module',
  'module' => 
  array (
    0 => 'admin',
    1 => 'index',
    2 => 'newslist',
  ),
)
[ info ] [ HEADER ] array (
  'host' => '127.0.0.1',
  'connection' => 'keep-alive',
  'upgrade-insecure-requests' => '1',
  'user-agent' => 'Mozilla/5.0 (Windows NT 10.0; WOW64) AppleWebKit/537.36 (KHTML, like Gecko) Chrome/63.0.3239.132 Safari/537.36',
  'accept' => 'text/html,application/xhtml+xml,application/xml;q=0.9,image/webp,image/apng,*/*;q=0.8',
  'referer' => 'http://127.0.0.1/ptcznweb/public/admin.php/Index/index.html',
  'accept-encoding' => 'gzip, deflate, br',
  'accept-language' => 'zh-CN,zh;q=0.9,en;q=0.8',
  'cookie' => 'Hm_lvt_b393d153aeb26b46e9431fabaf0f6190=1521168836; PHPSESSID=lm2akm6euk60ghu7sqjl9jd3a4',
)
[ info ] [ PARAM ] array (
)
[ info ] [ RUN ] app\admin\controller\Index->newslist[ C:\wamp64\www\ptcznweb\application\admin\controller\Index.php ]
[ info ] [ DB ] INIT mysql
[ info ] [ VIEW ] C:\wamp64\www\ptcznweb\public/../application/admin\view\index\newslist.html [ array (
  0 => 'page',
  1 => 'list',
) ]
[ info ] [ LOG ] INIT File
[ sql ] [ DB ] CONNECT:[ UseTime:0.023879s ] mysql:host=211.159.169.104;port=3306;dbname=ptcznweb;charset=utf8
[ sql ] [ SQL ] SHOW COLUMNS FROM `news` [ RunTime:0.020092s ]
[ sql ] [ SQL ] SELECT COUNT(*) AS tp_count FROM `news` LIMIT 1 [ RunTime:0.028362s ]
[ sql ] [ SQL ] SELECT `id`,`title`,`abstract`,`cre_time`,`author`,`newstype`,`newsopen`,`import` FROM `news` ORDER BY `id`  desc LIMIT 0,5 [ RunTime:0.023406s ]
---------------------------------------------------------------
[ 2018-03-23T00:10:16+08:00 ] 127.0.0.1 GET /ptcznweb/public/json/newsList.json
[ info ] 127.0.0.1/ptcznweb/public/json/newsList.json [运行时间：0.024147s][吞吐率：41.41req/s] [内存消耗：2,425.38kb] [文件加载：39]
[ info ] [ LANG ] C:\wamp64\www\ptcznweb\thinkphp\lang\zh-cn.php
[ info ] [ BIND ] 'index'
[ info ] [ ROUTE ] array (
  'type' => 'module',
  'module' => 
  array (
    0 => 'index',
    1 => 'json',
    2 => 'newsList.json',
  ),
)
[ info ] [ HEADER ] array (
  'host' => '127.0.0.1',
  'connection' => 'keep-alive',
  'accept' => '*/*',
  'x-requested-with' => 'XMLHttpRequest',
  'user-agent' => 'Mozilla/5.0 (Windows NT 10.0; WOW64) AppleWebKit/537.36 (KHTML, like Gecko) Chrome/63.0.3239.132 Safari/537.36',
  'referer' => 'http://127.0.0.1/ptcznweb/public/admin.php/index/newslist.html',
  'accept-encoding' => 'gzip, deflate, br',
  'accept-language' => 'zh-CN,zh;q=0.9,en;q=0.8',
  'cookie' => 'Hm_lvt_b393d153aeb26b46e9431fabaf0f6190=1521168836; PHPSESSID=lm2akm6euk60ghu7sqjl9jd3a4',
)
[ info ] [ PARAM ] array (
)
[ info ] [ LOG ] INIT File
---------------------------------------------------------------
[ 2018-03-23T00:10:17+08:00 ] 127.0.0.1 GET /ptcznweb/public/admin.php/index/newsedit.html?id=13
[ info ] 127.0.0.1/ptcznweb/public/admin.php/index/newsedit.html?id=13 [运行时间：0.104835s][吞吐率：9.54req/s] [内存消耗：3,398.91kb] [文件加载：51]
[ info ] [ LANG ] C:\wamp64\www\ptcznweb\thinkphp\lang\zh-cn.php
[ info ] [ BIND ] 'admin'
[ info ] [ ROUTE ] array (
  'type' => 'module',
  'module' => 
  array (
    0 => 'admin',
    1 => 'index',
    2 => 'newsedit',
  ),
)
[ info ] [ HEADER ] array (
  'host' => '127.0.0.1',
  'connection' => 'keep-alive',
  'upgrade-insecure-requests' => '1',
  'user-agent' => 'Mozilla/5.0 (Windows NT 10.0; WOW64) AppleWebKit/537.36 (KHTML, like Gecko) Chrome/63.0.3239.132 Safari/537.36',
  'accept' => 'text/html,application/xhtml+xml,application/xml;q=0.9,image/webp,image/apng,*/*;q=0.8',
  'referer' => 'http://127.0.0.1/ptcznweb/public/admin.php/index/newslist.html',
  'accept-encoding' => 'gzip, deflate, br',
  'accept-language' => 'zh-CN,zh;q=0.9,en;q=0.8',
  'cookie' => 'Hm_lvt_b393d153aeb26b46e9431fabaf0f6190=1521168836; PHPSESSID=lm2akm6euk60ghu7sqjl9jd3a4',
)
[ info ] [ PARAM ] array (
  'id' => '13',
)
[ info ] [ RUN ] app\admin\controller\Index->newsedit[ C:\wamp64\www\ptcznweb\application\admin\controller\Index.php ]
[ info ] [ DB ] INIT mysql
[ info ] [ VIEW ] C:\wamp64\www\ptcznweb\public/../application/admin\view\index\newsedit.html [ array (
  0 => 'editid',
  1 => 'edit',
  2 => 'newstype',
  3 => 'newsopen',
  4 => 'newsimport',
) ]
[ info ] [ LOG ] INIT File
[ sql ] [ DB ] CONNECT:[ UseTime:0.037631s ] mysql:host=211.159.169.104;port=3306;dbname=ptcznweb;charset=utf8
[ sql ] [ SQL ] select title,abstract,author,content,newstype,newsopen,import from news where id='13' [ RunTime:0.016057s ]
---------------------------------------------------------------
[ 2018-03-23T00:10:19+08:00 ] 127.0.0.1 POST /ptcznweb/public/admin.php/index/newsedit.html?id=13
[ info ] 127.0.0.1/ptcznweb/public/admin.php/index/newsedit.html?id=13 [运行时间：0.101922s][吞吐率：9.81req/s] [内存消耗：3,399.63kb] [文件加载：51]
[ info ] [ LANG ] C:\wamp64\www\ptcznweb\thinkphp\lang\zh-cn.php
[ info ] [ BIND ] 'admin'
[ info ] [ ROUTE ] array (
  'type' => 'module',
  'module' => 
  array (
    0 => 'admin',
    1 => 'index',
    2 => 'newsedit',
  ),
)
[ info ] [ HEADER ] array (
  'host' => '127.0.0.1',
  'connection' => 'keep-alive',
  'content-length' => '203297',
  'cache-control' => 'max-age=0',
  'origin' => 'http://127.0.0.1',
  'upgrade-insecure-requests' => '1',
  'content-type' => 'multipart/form-data; boundary=----WebKitFormBoundarydYUB3QuxxnNrvFTk',
  'user-agent' => 'Mozilla/5.0 (Windows NT 10.0; WOW64) AppleWebKit/537.36 (KHTML, like Gecko) Chrome/63.0.3239.132 Safari/537.36',
  'accept' => 'text/html,application/xhtml+xml,application/xml;q=0.9,image/webp,image/apng,*/*;q=0.8',
  'referer' => 'http://127.0.0.1/ptcznweb/public/admin.php/index/newsedit.html?id=13',
  'accept-encoding' => 'gzip, deflate, br',
  'accept-language' => 'zh-CN,zh;q=0.9,en;q=0.8',
  'cookie' => 'Hm_lvt_b393d153aeb26b46e9431fabaf0f6190=1521168836; PHPSESSID=lm2akm6euk60ghu7sqjl9jd3a4',
)
[ info ] [ PARAM ] array (
  'id' => '13',
)
[ info ] [ RUN ] app\admin\controller\Index->newsedit[ C:\wamp64\www\ptcznweb\application\admin\controller\Index.php ]
[ info ] [ DB ] INIT mysql
[ info ] [ VIEW ] C:\wamp64\www\ptcznweb\public/../application/admin\view\index\newsedit.html [ array (
  0 => 'editid',
  1 => 'edit',
  2 => 'newstype',
  3 => 'newsopen',
  4 => 'newsimport',
) ]
[ info ] [ LOG ] INIT File
[ sql ] [ DB ] CONNECT:[ UseTime:0.034284s ] mysql:host=211.159.169.104;port=3306;dbname=ptcznweb;charset=utf8
[ sql ] [ SQL ] select title,abstract,author,content,newstype,newsopen,import from news where id='13' [ RunTime:0.019473s ]
