---------------------------------------------------------------
[ 2018-03-26T00:01:16+08:00 ] 127.0.0.1 GET /ptcznweb/public/news/article.html?id=14
[ info ] 127.0.0.1/ptcznweb/public/news/article.html?id=14 [运行时间：0.125721s][吞吐率：7.95req/s] [内存消耗：3,407.03kb] [文件加载：49]
[ info ] [ LANG ] C:\wamp64\www\ptcznweb\thinkphp\lang\zh-cn.php
[ info ] [ BIND ] 'index'
[ info ] [ ROUTE ] array (
  'type' => 'module',
  'module' => 
  array (
    0 => 'index',
    1 => 'news',
    2 => 'article',
  ),
)
[ info ] [ HEADER ] array (
  'host' => '127.0.0.1',
  'connection' => 'keep-alive',
  'upgrade-insecure-requests' => '1',
  'user-agent' => 'Mozilla/5.0 (Windows NT 10.0; WOW64) AppleWebKit/537.36 (KHTML, like Gecko) Chrome/63.0.3239.132 Safari/537.36',
  'accept' => 'text/html,application/xhtml+xml,application/xml;q=0.9,image/webp,image/apng,*/*;q=0.8',
  'referer' => 'http://127.0.0.1/ptcznweb/public/index/index.html',
  'accept-encoding' => 'gzip, deflate, br',
  'accept-language' => 'zh-CN,zh;q=0.9,en;q=0.8',
  'cookie' => 'Hm_lvt_b393d153aeb26b46e9431fabaf0f6190=1521168836; student_stuid=1401210001; student_school=beijing; admin_username=superadmin; admin_school=beijing',
)
[ info ] [ PARAM ] array (
  'id' => '14',
)
[ info ] [ RUN ] app\index\controller\News->article[ C:\wamp64\www\ptcznweb\application\index\controller\News.php ]
[ info ] [ DB ] INIT mysql
[ info ] [ VIEW ] C:\wamp64\www\ptcznweb\public/../application/index\view\news\article.html [ array (
  0 => 'arti',
  1 => 'id',
  2 => 'rightnav',
) ]
[ info ] [ LOG ] INIT File
[ sql ] [ DB ] CONNECT:[ UseTime:0.023074s ] mysql:host=211.159.169.104;port=3306;dbname=ptcznweb;charset=utf8
[ sql ] [ SQL ] select * from news where id='14' and newsopen='1' [ RunTime:0.025797s ]
[ sql ] [ SQL ] select title,abstract,cre_time,author,content from news where id='14' [ RunTime:0.014270s ]
[ sql ] [ SQL ] select id,title from news where newsopen='1' order by id DESC limit 5 [ RunTime:0.014889s ]
