---------------------------------------------------------------
[ 2018-05-23T08:56:12+08:00 ] 127.0.0.1 GET /ptcznweb/public/admin.php
[ info ] 127.0.0.1/ptcznweb/public/admin.php [运行时间：0.966486s][吞吐率：1.03req/s] [内存消耗：2,953.34kb] [文件加载：47]
[ info ] [ LANG ] C:\wamp64\www\ptcznweb\thinkphp\lang\zh-cn.php
[ info ] [ BIND ] 'admin'
[ info ] [ ROUTE ] array (
  'type' => 'module',
  'module' => 
  array (
    0 => 'admin',
    1 => NULL,
    2 => NULL,
  ),
)
[ info ] [ HEADER ] array (
  'host' => '127.0.0.1',
  'connection' => 'keep-alive',
  'cache-control' => 'max-age=0',
  'upgrade-insecure-requests' => '1',
  'user-agent' => 'Mozilla/5.0 (Windows NT 10.0; Win64; x64) AppleWebKit/537.36 (KHTML, like Gecko) Chrome/65.0.3325.181 Safari/537.36',
  'accept' => 'text/html,application/xhtml+xml,application/xml;q=0.9,image/webp,image/apng,*/*;q=0.8',
  'accept-encoding' => 'gzip, deflate, br',
  'accept-language' => 'zh-CN,zh;q=0.9,en;q=0.8',
  'cookie' => 'Hm_lvt_b393d153aeb26b46e9431fabaf0f6190=1525590723',
)
[ info ] [ PARAM ] array (
)
[ info ] [ RUN ] app\admin\controller\Index->index[ C:\wamp64\www\ptcznweb\application\admin\controller\Index.php ]
[ info ] [ LOG ] INIT File
---------------------------------------------------------------
[ 2018-05-23T08:56:12+08:00 ] 127.0.0.1 GET /ptcznweb/public/admin.php/login/index.html
[ info ] 127.0.0.1/ptcznweb/public/admin.php/login/index.html [运行时间：0.232672s][吞吐率：4.30req/s] [内存消耗：3,225.72kb] [文件加载：49]
[ info ] [ LANG ] C:\wamp64\www\ptcznweb\thinkphp\lang\zh-cn.php
[ info ] [ BIND ] 'admin'
[ info ] [ ROUTE ] array (
  'type' => 'module',
  'module' => 
  array (
    0 => 'admin',
    1 => 'login',
    2 => 'index',
  ),
)
[ info ] [ HEADER ] array (
  'host' => '127.0.0.1',
  'connection' => 'keep-alive',
  'cache-control' => 'max-age=0',
  'upgrade-insecure-requests' => '1',
  'user-agent' => 'Mozilla/5.0 (Windows NT 10.0; Win64; x64) AppleWebKit/537.36 (KHTML, like Gecko) Chrome/65.0.3325.181 Safari/537.36',
  'accept' => 'text/html,application/xhtml+xml,application/xml;q=0.9,image/webp,image/apng,*/*;q=0.8',
  'accept-encoding' => 'gzip, deflate, br',
  'accept-language' => 'zh-CN,zh;q=0.9,en;q=0.8',
  'cookie' => 'Hm_lvt_b393d153aeb26b46e9431fabaf0f6190=1525590723; PHPSESSID=phde0io8si585lrk55h50ovo14',
)
[ info ] [ PARAM ] array (
)
[ info ] [ RUN ] app\admin\controller\Login->index[ C:\wamp64\www\ptcznweb\application\admin\controller\Login.php ]
[ info ] [ VIEW ] C:\wamp64\www\ptcznweb\public/../application/admin\view\login\index.html [ array (
) ]
[ info ] [ LOG ] INIT File
---------------------------------------------------------------
[ 2018-05-23T09:01:54+08:00 ] 127.0.0.1 GET /ptcznweb/public/admin.php/login/index.html
[ info ] 127.0.0.1/ptcznweb/public/admin.php/login/index.html [运行时间：0.292786s][吞吐率：3.42req/s] [内存消耗：3,323.28kb] [文件加载：53]
[ info ] [ LANG ] C:\wamp64\www\ptcznweb\thinkphp\lang\zh-cn.php
[ info ] [ BIND ] 'admin'
[ info ] [ ROUTE ] array (
  'type' => 'module',
  'module' => 
  array (
    0 => 'admin',
    1 => 'login',
    2 => 'index',
  ),
)
[ info ] [ HEADER ] array (
  'host' => '127.0.0.1',
  'connection' => 'keep-alive',
  'cache-control' => 'max-age=0',
  'upgrade-insecure-requests' => '1',
  'user-agent' => 'Mozilla/5.0 (Windows NT 10.0; Win64; x64) AppleWebKit/537.36 (KHTML, like Gecko) Chrome/65.0.3325.181 Safari/537.36',
  'accept' => 'text/html,application/xhtml+xml,application/xml;q=0.9,image/webp,image/apng,*/*;q=0.8',
  'accept-encoding' => 'gzip, deflate, br',
  'accept-language' => 'zh-CN,zh;q=0.9,en;q=0.8',
  'cookie' => 'Hm_lvt_b393d153aeb26b46e9431fabaf0f6190=1525590723; PHPSESSID=phde0io8si585lrk55h50ovo14',
)
[ info ] [ PARAM ] array (
)
[ info ] [ RUN ] app\admin\controller\Login->index[ C:\wamp64\www\ptcznweb\application\admin\controller\Login.php ]
[ info ] [ VIEW ] C:\wamp64\www\ptcznweb\public/../application/admin\view\login\index.html [ array (
) ]
[ info ] [ LOG ] INIT File
[ error ] [8]未定义数组索引: remember[C:\wamp64\www\ptcznweb\runtime\temp\3860305cd53b05c14e90f03fc22d1385.php:22]
---------------------------------------------------------------
[ 2018-05-23T09:04:21+08:00 ] 127.0.0.1 GET /ptcznweb/public/admin.php/login/index.html
[ info ] 127.0.0.1/ptcznweb/public/admin.php/login/index.html [运行时间：0.075280s][吞吐率：13.28req/s] [内存消耗：2,957.96kb] [文件加载：49]
[ info ] [ LANG ] C:\wamp64\www\ptcznweb\thinkphp\lang\zh-cn.php
[ info ] [ BIND ] 'admin'
[ info ] [ ROUTE ] array (
  'type' => 'module',
  'module' => 
  array (
    0 => 'admin',
    1 => 'login',
    2 => 'index',
  ),
)
[ info ] [ HEADER ] array (
  'host' => '127.0.0.1',
  'connection' => 'keep-alive',
  'cache-control' => 'max-age=0',
  'upgrade-insecure-requests' => '1',
  'user-agent' => 'Mozilla/5.0 (Windows NT 10.0; Win64; x64) AppleWebKit/537.36 (KHTML, like Gecko) Chrome/65.0.3325.181 Safari/537.36',
  'accept' => 'text/html,application/xhtml+xml,application/xml;q=0.9,image/webp,image/apng,*/*;q=0.8',
  'accept-encoding' => 'gzip, deflate, br',
  'accept-language' => 'zh-CN,zh;q=0.9,en;q=0.8',
  'cookie' => 'Hm_lvt_b393d153aeb26b46e9431fabaf0f6190=1525590723; PHPSESSID=phde0io8si585lrk55h50ovo14',
)
[ info ] [ PARAM ] array (
)
[ info ] [ RUN ] app\admin\controller\Login->index[ C:\wamp64\www\ptcznweb\application\admin\controller\Login.php ]
[ info ] [ LOG ] INIT File
[ error ] [8]未定义数组索引: remember[C:\wamp64\www\ptcznweb\application\admin\controller\Login.php:17]
---------------------------------------------------------------
[ 2018-05-23T09:04:23+08:00 ] 127.0.0.1 GET /ptcznweb/public/admin.php/login/index.html
[ info ] 127.0.0.1/ptcznweb/public/admin.php/login/index.html [运行时间：0.085516s][吞吐率：11.69req/s] [内存消耗：2,957.96kb] [文件加载：49]
[ info ] [ LANG ] C:\wamp64\www\ptcznweb\thinkphp\lang\zh-cn.php
[ info ] [ BIND ] 'admin'
[ info ] [ ROUTE ] array (
  'type' => 'module',
  'module' => 
  array (
    0 => 'admin',
    1 => 'login',
    2 => 'index',
  ),
)
[ info ] [ HEADER ] array (
  'host' => '127.0.0.1',
  'connection' => 'keep-alive',
  'cache-control' => 'max-age=0',
  'upgrade-insecure-requests' => '1',
  'user-agent' => 'Mozilla/5.0 (Windows NT 10.0; Win64; x64) AppleWebKit/537.36 (KHTML, like Gecko) Chrome/65.0.3325.181 Safari/537.36',
  'accept' => 'text/html,application/xhtml+xml,application/xml;q=0.9,image/webp,image/apng,*/*;q=0.8',
  'accept-encoding' => 'gzip, deflate, br',
  'accept-language' => 'zh-CN,zh;q=0.9,en;q=0.8',
  'cookie' => 'Hm_lvt_b393d153aeb26b46e9431fabaf0f6190=1525590723; PHPSESSID=phde0io8si585lrk55h50ovo14',
)
[ info ] [ PARAM ] array (
)
[ info ] [ RUN ] app\admin\controller\Login->index[ C:\wamp64\www\ptcznweb\application\admin\controller\Login.php ]
[ info ] [ LOG ] INIT File
[ error ] [8]未定义数组索引: remember[C:\wamp64\www\ptcznweb\application\admin\controller\Login.php:17]
---------------------------------------------------------------
[ 2018-05-23T09:06:24+08:00 ] 127.0.0.1 GET /ptcznweb/public/admin.php/login/index.html
[ info ] 127.0.0.1/ptcznweb/public/admin.php/login/index.html [运行时间：0.175401s][吞吐率：5.70req/s] [内存消耗：3,325.38kb] [文件加载：53]
[ info ] [ LANG ] C:\wamp64\www\ptcznweb\thinkphp\lang\zh-cn.php
[ info ] [ BIND ] 'admin'
[ info ] [ ROUTE ] array (
  'type' => 'module',
  'module' => 
  array (
    0 => 'admin',
    1 => 'login',
    2 => 'index',
  ),
)
[ info ] [ HEADER ] array (
  'host' => '127.0.0.1',
  'connection' => 'keep-alive',
  'cache-control' => 'max-age=0',
  'upgrade-insecure-requests' => '1',
  'user-agent' => 'Mozilla/5.0 (Windows NT 10.0; Win64; x64) AppleWebKit/537.36 (KHTML, like Gecko) Chrome/65.0.3325.181 Safari/537.36',
  'accept' => 'text/html,application/xhtml+xml,application/xml;q=0.9,image/webp,image/apng,*/*;q=0.8',
  'accept-encoding' => 'gzip, deflate, br',
  'accept-language' => 'zh-CN,zh;q=0.9,en;q=0.8',
  'cookie' => 'Hm_lvt_b393d153aeb26b46e9431fabaf0f6190=1525590723; PHPSESSID=phde0io8si585lrk55h50ovo14',
)
[ info ] [ PARAM ] array (
)
[ info ] [ RUN ] app\admin\controller\Login->index[ C:\wamp64\www\ptcznweb\application\admin\controller\Login.php ]
[ info ] [ VIEW ] C:\wamp64\www\ptcznweb\public/../application/admin\view\login\index.html [ array (
  0 => 'remember',
) ]
[ info ] [ LOG ] INIT File
[ error ] [8]未定义数组索引: remember[C:\wamp64\www\ptcznweb\runtime\temp\3860305cd53b05c14e90f03fc22d1385.php:22]
---------------------------------------------------------------
[ 2018-05-23T09:07:14+08:00 ] 127.0.0.1 GET /ptcznweb/public/admin.php/login/index.html
[ info ] 127.0.0.1/ptcznweb/public/admin.php/login/index.html [运行时间：0.109932s][吞吐率：9.10req/s] [内存消耗：3,227.48kb] [文件加载：49]
[ info ] [ LANG ] C:\wamp64\www\ptcznweb\thinkphp\lang\zh-cn.php
[ info ] [ BIND ] 'admin'
[ info ] [ ROUTE ] array (
  'type' => 'module',
  'module' => 
  array (
    0 => 'admin',
    1 => 'login',
    2 => 'index',
  ),
)
[ info ] [ HEADER ] array (
  'host' => '127.0.0.1',
  'connection' => 'keep-alive',
  'cache-control' => 'max-age=0',
  'upgrade-insecure-requests' => '1',
  'user-agent' => 'Mozilla/5.0 (Windows NT 10.0; Win64; x64) AppleWebKit/537.36 (KHTML, like Gecko) Chrome/65.0.3325.181 Safari/537.36',
  'accept' => 'text/html,application/xhtml+xml,application/xml;q=0.9,image/webp,image/apng,*/*;q=0.8',
  'accept-encoding' => 'gzip, deflate, br',
  'accept-language' => 'zh-CN,zh;q=0.9,en;q=0.8',
  'cookie' => 'Hm_lvt_b393d153aeb26b46e9431fabaf0f6190=1525590723; PHPSESSID=phde0io8si585lrk55h50ovo14',
)
[ info ] [ PARAM ] array (
)
[ info ] [ RUN ] app\admin\controller\Login->index[ C:\wamp64\www\ptcznweb\application\admin\controller\Login.php ]
[ info ] [ VIEW ] C:\wamp64\www\ptcznweb\public/../application/admin\view\login\index.html [ array (
  0 => 'remember',
) ]
[ info ] [ LOG ] INIT File
---------------------------------------------------------------
[ 2018-05-23T09:08:08+08:00 ] 127.0.0.1 GET /ptcznweb/public/admin.php/login/index.html
[ info ] 127.0.0.1/ptcznweb/public/admin.php/login/index.html [运行时间：0.113750s][吞吐率：8.79req/s] [内存消耗：3,227.48kb] [文件加载：49]
[ info ] [ LANG ] C:\wamp64\www\ptcznweb\thinkphp\lang\zh-cn.php
[ info ] [ BIND ] 'admin'
[ info ] [ ROUTE ] array (
  'type' => 'module',
  'module' => 
  array (
    0 => 'admin',
    1 => 'login',
    2 => 'index',
  ),
)
[ info ] [ HEADER ] array (
  'host' => '127.0.0.1',
  'connection' => 'keep-alive',
  'cache-control' => 'max-age=0',
  'upgrade-insecure-requests' => '1',
  'user-agent' => 'Mozilla/5.0 (Windows NT 10.0; Win64; x64) AppleWebKit/537.36 (KHTML, like Gecko) Chrome/65.0.3325.181 Safari/537.36',
  'accept' => 'text/html,application/xhtml+xml,application/xml;q=0.9,image/webp,image/apng,*/*;q=0.8',
  'accept-encoding' => 'gzip, deflate, br',
  'accept-language' => 'zh-CN,zh;q=0.9,en;q=0.8',
  'cookie' => 'Hm_lvt_b393d153aeb26b46e9431fabaf0f6190=1525590723; PHPSESSID=phde0io8si585lrk55h50ovo14',
)
[ info ] [ PARAM ] array (
)
[ info ] [ RUN ] app\admin\controller\Login->index[ C:\wamp64\www\ptcznweb\application\admin\controller\Login.php ]
[ info ] [ VIEW ] C:\wamp64\www\ptcznweb\public/../application/admin\view\login\index.html [ array (
  0 => 'remember',
) ]
[ info ] [ LOG ] INIT File
---------------------------------------------------------------
[ 2018-05-23T09:19:46+08:00 ] 127.0.0.1 GET /ptcznweb/public/admin.php/login/index.html
[ info ] 127.0.0.1/ptcznweb/public/admin.php/login/index.html [运行时间：0.107007s][吞吐率：9.35req/s] [内存消耗：2,984.93kb] [文件加载：47]
[ info ] [ LANG ] C:\wamp64\www\ptcznweb\thinkphp\lang\zh-cn.php
[ info ] [ BIND ] 'admin'
[ info ] [ ROUTE ] array (
  'type' => 'module',
  'module' => 
  array (
    0 => 'admin',
    1 => 'login',
    2 => 'index',
  ),
)
[ info ] [ HEADER ] array (
  'host' => '127.0.0.1',
  'connection' => 'keep-alive',
  'cache-control' => 'max-age=0',
  'upgrade-insecure-requests' => '1',
  'user-agent' => 'Mozilla/5.0 (Windows NT 10.0; Win64; x64) AppleWebKit/537.36 (KHTML, like Gecko) Chrome/65.0.3325.181 Safari/537.36',
  'accept' => 'text/html,application/xhtml+xml,application/xml;q=0.9,image/webp,image/apng,*/*;q=0.8',
  'accept-encoding' => 'gzip, deflate, br',
  'accept-language' => 'zh-CN,zh;q=0.9,en;q=0.8',
  'cookie' => 'Hm_lvt_b393d153aeb26b46e9431fabaf0f6190=1525590723; PHPSESSID=phde0io8si585lrk55h50ovo14',
)
[ info ] [ PARAM ] array (
)
[ info ] [ RUN ] app\admin\controller\Login->index[ C:\wamp64\www\ptcznweb\application\admin\controller\Login.php ]
[ info ] [ VIEW ] C:\wamp64\www\ptcznweb\public/../application/admin\view\login\index.html [ array (
  0 => 'remember',
) ]
[ info ] [ LOG ] INIT File
---------------------------------------------------------------
[ 2018-05-23T09:20:04+08:00 ] 127.0.0.1 POST /ptcznweb/public/admin.php/login/denglu.html
[ info ] 127.0.0.1/ptcznweb/public/admin.php/login/denglu.html [运行时间：12.145082s][吞吐率：0.08req/s] [内存消耗：3,103.23kb] [文件加载：47]
[ info ] [ LANG ] C:\wamp64\www\ptcznweb\thinkphp\lang\zh-cn.php
[ info ] [ BIND ] 'admin'
[ info ] [ ROUTE ] array (
  'type' => 'module',
  'module' => 
  array (
    0 => 'admin',
    1 => 'login',
    2 => 'denglu',
  ),
)
[ info ] [ HEADER ] array (
  'host' => '127.0.0.1',
  'connection' => 'keep-alive',
  'content-length' => '40',
  'cache-control' => 'max-age=0',
  'origin' => 'http://127.0.0.1',
  'upgrade-insecure-requests' => '1',
  'content-type' => 'application/x-www-form-urlencoded',
  'user-agent' => 'Mozilla/5.0 (Windows NT 10.0; Win64; x64) AppleWebKit/537.36 (KHTML, like Gecko) Chrome/65.0.3325.181 Safari/537.36',
  'accept' => 'text/html,application/xhtml+xml,application/xml;q=0.9,image/webp,image/apng,*/*;q=0.8',
  'referer' => 'http://127.0.0.1/ptcznweb/public/admin.php/login/index.html',
  'accept-encoding' => 'gzip, deflate, br',
  'accept-language' => 'zh-CN,zh;q=0.9,en;q=0.8',
  'cookie' => 'Hm_lvt_b393d153aeb26b46e9431fabaf0f6190=1525590723; PHPSESSID=phde0io8si585lrk55h50ovo14',
)
[ info ] [ PARAM ] array (
  'kname' => 'admin1',
  'kpwd' => '123456',
  'remember' => '1',
  'sub' => '',
)
[ info ] [ RUN ] app\admin\controller\Login->denglu[ C:\wamp64\www\ptcznweb\application\admin\controller\Login.php ]
[ info ] [ DB ] INIT mysql
[ info ] [ LOG ] INIT File
[ sql ] [ DB ] CONNECT:[ UseTime:11.937838s ] mysql:host=211.159.169.104;port=3306;dbname=ptcznweb;charset=utf8
[ sql ] [ SQL ] select *from admin where name='admin1' and password='123456' [ RunTime:0.024605s ]
---------------------------------------------------------------
[ 2018-05-23T09:20:04+08:00 ] 127.0.0.1 GET /ptcznweb/public/admin.php/Index/index.html
[ info ] 127.0.0.1/ptcznweb/public/admin.php/Index/index.html [运行时间：0.081355s][吞吐率：12.29req/s] [内存消耗：3,267.13kb] [文件加载：49]
[ info ] [ LANG ] C:\wamp64\www\ptcznweb\thinkphp\lang\zh-cn.php
[ info ] [ BIND ] 'admin'
[ info ] [ ROUTE ] array (
  'type' => 'module',
  'module' => 
  array (
    0 => 'admin',
    1 => 'Index',
    2 => 'index',
  ),
)
[ info ] [ HEADER ] array (
  'host' => '127.0.0.1',
  'connection' => 'keep-alive',
  'upgrade-insecure-requests' => '1',
  'user-agent' => 'Mozilla/5.0 (Windows NT 10.0; Win64; x64) AppleWebKit/537.36 (KHTML, like Gecko) Chrome/65.0.3325.181 Safari/537.36',
  'accept' => 'text/html,application/xhtml+xml,application/xml;q=0.9,image/webp,image/apng,*/*;q=0.8',
  'referer' => 'http://127.0.0.1/ptcznweb/public/admin.php/login/denglu.html',
  'accept-encoding' => 'gzip, deflate, br',
  'accept-language' => 'zh-CN,zh;q=0.9,en;q=0.8',
  'cookie' => 'Hm_lvt_b393d153aeb26b46e9431fabaf0f6190=1525590723; PHPSESSID=phde0io8si585lrk55h50ovo14',
)
[ info ] [ PARAM ] array (
)
[ info ] [ RUN ] app\admin\controller\Index->index[ C:\wamp64\www\ptcznweb\application\admin\controller\Index.php ]
[ info ] [ VIEW ] C:\wamp64\www\ptcznweb\public/../application/admin\view\index\index.html [ array (
) ]
[ info ] [ LOG ] INIT File
---------------------------------------------------------------
[ 2018-05-23T09:20:04+08:00 ] 127.0.0.1 GET /ptcznweb/public/admin.php/Index/js/bodyTab.js
[ info ] 127.0.0.1/ptcznweb/public/admin.php/Index/js/bodyTab.js [运行时间：0.069064s][吞吐率：14.48req/s] [内存消耗：2,978.56kb] [文件加载：48]
[ info ] [ LANG ] C:\wamp64\www\ptcznweb\thinkphp\lang\zh-cn.php
[ info ] [ BIND ] 'admin'
[ info ] [ ROUTE ] array (
  'type' => 'module',
  'module' => 
  array (
    0 => 'admin',
    1 => 'Index',
    2 => 'js',
  ),
)
[ info ] [ HEADER ] array (
  'host' => '127.0.0.1',
  'connection' => 'keep-alive',
  'user-agent' => 'Mozilla/5.0 (Windows NT 10.0; Win64; x64) AppleWebKit/537.36 (KHTML, like Gecko) Chrome/65.0.3325.181 Safari/537.36',
  'accept' => '*/*',
  'referer' => 'http://127.0.0.1/ptcznweb/public/admin.php/Index/index.html',
  'accept-encoding' => 'gzip, deflate, br',
  'accept-language' => 'zh-CN,zh;q=0.9,en;q=0.8',
  'cookie' => 'Hm_lvt_b393d153aeb26b46e9431fabaf0f6190=1525590723; PHPSESSID=phde0io8si585lrk55h50ovo14',
)
[ info ] [ PARAM ] array (
)
[ info ] [ LOG ] INIT File
---------------------------------------------------------------
[ 2018-05-23T09:20:04+08:00 ] 127.0.0.1 GET /ptcznweb/public/admin.php/index/newslist.html
[ info ] 127.0.0.1/ptcznweb/public/admin.php/index/newslist.html [运行时间：0.492413s][吞吐率：2.03req/s] [内存消耗：4,499.87kb] [文件加载：56]
[ info ] [ LANG ] C:\wamp64\www\ptcznweb\thinkphp\lang\zh-cn.php
[ info ] [ BIND ] 'admin'
[ info ] [ ROUTE ] array (
  'type' => 'module',
  'module' => 
  array (
    0 => 'admin',
    1 => 'index',
    2 => 'newslist',
  ),
)
[ info ] [ HEADER ] array (
  'host' => '127.0.0.1',
  'connection' => 'keep-alive',
  'upgrade-insecure-requests' => '1',
  'user-agent' => 'Mozilla/5.0 (Windows NT 10.0; Win64; x64) AppleWebKit/537.36 (KHTML, like Gecko) Chrome/65.0.3325.181 Safari/537.36',
  'accept' => 'text/html,application/xhtml+xml,application/xml;q=0.9,image/webp,image/apng,*/*;q=0.8',
  'referer' => 'http://127.0.0.1/ptcznweb/public/admin.php/Index/index.html',
  'accept-encoding' => 'gzip, deflate, br',
  'accept-language' => 'zh-CN,zh;q=0.9,en;q=0.8',
  'cookie' => 'Hm_lvt_b393d153aeb26b46e9431fabaf0f6190=1525590723; PHPSESSID=phde0io8si585lrk55h50ovo14',
)
[ info ] [ PARAM ] array (
)
[ info ] [ RUN ] app\admin\controller\Index->newslist[ C:\wamp64\www\ptcznweb\application\admin\controller\Index.php ]
[ info ] [ DB ] INIT mysql
[ info ] [ VIEW ] C:\wamp64\www\ptcznweb\public/../application/admin\view\index\newslist.html [ array (
  0 => 'page',
  1 => 'list',
) ]
[ info ] [ LOG ] INIT File
[ sql ] [ DB ] CONNECT:[ UseTime:0.039907s ] mysql:host=211.159.169.104;port=3306;dbname=ptcznweb;charset=utf8
[ sql ] [ SQL ] SHOW COLUMNS FROM `news` [ RunTime:0.017772s ]
[ sql ] [ SQL ] SELECT COUNT(*) AS tp_count FROM `news` LIMIT 1 [ RunTime:0.019383s ]
[ sql ] [ SQL ] SELECT `id`,`title`,`abstract`,`cre_time`,`author`,`newstype`,`newsopen`,`import` FROM `news` ORDER BY `id`  desc LIMIT 0,6 [ RunTime:0.023672s ]
---------------------------------------------------------------
[ 2018-05-23T09:20:05+08:00 ] 127.0.0.1 GET /ptcznweb/public/admin.php/Index/favicon.ico
[ info ] 127.0.0.1/ptcznweb/public/admin.php/Index/favicon.ico [运行时间：0.035724s][吞吐率：27.99req/s] [内存消耗：2,978.74kb] [文件加载：48]
[ info ] [ LANG ] C:\wamp64\www\ptcznweb\thinkphp\lang\zh-cn.php
[ info ] [ BIND ] 'admin'
[ info ] [ ROUTE ] array (
  'type' => 'module',
  'module' => 
  array (
    0 => 'admin',
    1 => 'Index',
    2 => 'favicon.ico',
  ),
)
[ info ] [ HEADER ] array (
  'host' => '127.0.0.1',
  'connection' => 'keep-alive',
  'user-agent' => 'Mozilla/5.0 (Windows NT 10.0; Win64; x64) AppleWebKit/537.36 (KHTML, like Gecko) Chrome/65.0.3325.181 Safari/537.36',
  'accept' => 'image/webp,image/apng,image/*,*/*;q=0.8',
  'referer' => 'http://127.0.0.1/ptcznweb/public/admin.php/Index/index.html',
  'accept-encoding' => 'gzip, deflate, br',
  'accept-language' => 'zh-CN,zh;q=0.9,en;q=0.8',
  'cookie' => 'Hm_lvt_b393d153aeb26b46e9431fabaf0f6190=1525590723; PHPSESSID=phde0io8si585lrk55h50ovo14',
)
[ info ] [ PARAM ] array (
)
[ info ] [ LOG ] INIT File
---------------------------------------------------------------
[ 2018-05-23T09:20:07+08:00 ] 127.0.0.1 GET /ptcznweb/public/json/newsList.json
[ info ] 127.0.0.1/ptcznweb/public/json/newsList.json [运行时间：0.051113s][吞吐率：19.56req/s] [内存消耗：2,425.44kb] [文件加载：39]
[ info ] [ LANG ] C:\wamp64\www\ptcznweb\thinkphp\lang\zh-cn.php
[ info ] [ BIND ] 'index'
[ info ] [ ROUTE ] array (
  'type' => 'module',
  'module' => 
  array (
    0 => 'index',
    1 => 'json',
    2 => 'newsList.json',
  ),
)
[ info ] [ HEADER ] array (
  'host' => '127.0.0.1',
  'connection' => 'keep-alive',
  'accept' => '*/*',
  'x-requested-with' => 'XMLHttpRequest',
  'user-agent' => 'Mozilla/5.0 (Windows NT 10.0; Win64; x64) AppleWebKit/537.36 (KHTML, like Gecko) Chrome/65.0.3325.181 Safari/537.36',
  'referer' => 'http://127.0.0.1/ptcznweb/public/admin.php/index/newslist.html',
  'accept-encoding' => 'gzip, deflate, br',
  'accept-language' => 'zh-CN,zh;q=0.9,en;q=0.8',
  'cookie' => 'Hm_lvt_b393d153aeb26b46e9431fabaf0f6190=1525590723; PHPSESSID=phde0io8si585lrk55h50ovo14',
)
[ info ] [ PARAM ] array (
)
[ info ] [ LOG ] INIT File
